{"/Users/miyaichi/adstxt-manager/frontend/src/api/index.ts": {"path":"/Users/miyaichi/adstxt-manager/frontend/src/api/index.ts","statementMap":{"0":{"start":{"line":23,"column":12},"end":{"line":28,"column":2}},"1":{"start":{"line":31,"column":26},"end":{"line":96,"column":1}},"2":{"start":{"line":34,"column":21},"end":{"line":34,"column":35}},"3":{"start":{"line":35,"column":4},"end":{"line":35,"column":61}},"4":{"start":{"line":36,"column":4},"end":{"line":36,"column":61}},"5":{"start":{"line":37,"column":4},"end":{"line":37,"column":59}},"6":{"start":{"line":39,"column":4},"end":{"line":41,"column":5}},"7":{"start":{"line":40,"column":6},"end":{"line":40,"column":61}},"8":{"start":{"line":43,"column":4},"end":{"line":45,"column":5}},"9":{"start":{"line":44,"column":6},"end":{"line":44,"column":65}},"10":{"start":{"line":48,"column":4},"end":{"line":52,"column":5}},"11":{"start":{"line":49,"column":6},"end":{"line":49,"column":53}},"12":{"start":{"line":50,"column":11},"end":{"line":52,"column":5}},"13":{"start":{"line":51,"column":6},"end":{"line":51,"column":63}},"14":{"start":{"line":54,"column":21},"end":{"line":58,"column":6}},"15":{"start":{"line":59,"column":4},"end":{"line":59,"column":25}},"16":{"start":{"line":64,"column":21},"end":{"line":64,"column":101}},"17":{"start":{"line":65,"column":4},"end":{"line":65,"column":25}},"18":{"start":{"line":70,"column":21},"end":{"line":73,"column":6}},"19":{"start":{"line":74,"column":4},"end":{"line":74,"column":25}},"20":{"start":{"line":79,"column":21},"end":{"line":83,"column":6}},"21":{"start":{"line":84,"column":4},"end":{"line":84,"column":25}},"22":{"start":{"line":89,"column":16},"end":{"line":91,"column":34}},"23":{"start":{"line":93,"column":21},"end":{"line":93,"column":63}},"24":{"start":{"line":94,"column":4},"end":{"line":94,"column":25}},"25":{"start":{"line":99,"column":26},"end":{"line":111,"column":1}},"26":{"start":{"line":102,"column":21},"end":{"line":102,"column":76}},"27":{"start":{"line":103,"column":4},"end":{"line":103,"column":25}},"28":{"start":{"line":108,"column":21},"end":{"line":108,"column":99}},"29":{"start":{"line":109,"column":4},"end":{"line":109,"column":25}},"30":{"start":{"line":114,"column":25},"end":{"line":150,"column":1}},"31":{"start":{"line":117,"column":21},"end":{"line":120,"column":6}},"32":{"start":{"line":121,"column":4},"end":{"line":121,"column":25}},"33":{"start":{"line":126,"column":21},"end":{"line":126,"column":35}},"34":{"start":{"line":127,"column":4},"end":{"line":127,"column":40}},"35":{"start":{"line":129,"column":21},"end":{"line":133,"column":6}},"36":{"start":{"line":134,"column":4},"end":{"line":134,"column":25}},"37":{"start":{"line":139,"column":21},"end":{"line":139,"column":110}},"38":{"start":{"line":140,"column":4},"end":{"line":140,"column":25}},"39":{"start":{"line":145,"column":21},"end":{"line":147,"column":6}},"40":{"start":{"line":148,"column":4},"end":{"line":148,"column":25}}},"fnMap":{"0":{"name":"(anonymous_0)","decl":{"start":{"line":33,"column":2},"end":{"line":33,"column":3}},"loc":{"start":{"line":33,"column":86},"end":{"line":60,"column":3}},"line":33},"1":{"name":"(anonymous_1)","decl":{"start":{"line":63,"column":2},"end":{"line":63,"column":3}},"loc":{"start":{"line":63,"column":88},"end":{"line":66,"column":3}},"line":63},"2":{"name":"(anonymous_2)","decl":{"start":{"line":69,"column":2},"end":{"line":69,"column":3}},"loc":{"start":{"line":69,"column":102},"end":{"line":75,"column":3}},"line":69},"3":{"name":"(anonymous_3)","decl":{"start":{"line":78,"column":2},"end":{"line":78,"column":3}},"loc":{"start":{"line":78,"column":136},"end":{"line":85,"column":3}},"line":78},"4":{"name":"(anonymous_4)","decl":{"start":{"line":88,"column":2},"end":{"line":88,"column":3}},"loc":{"start":{"line":88,"column":109},"end":{"line":95,"column":3}},"line":88},"5":{"name":"(anonymous_5)","decl":{"start":{"line":101,"column":2},"end":{"line":101,"column":3}},"loc":{"start":{"line":101,"column":78},"end":{"line":104,"column":3}},"line":101},"6":{"name":"(anonymous_6)","decl":{"start":{"line":107,"column":2},"end":{"line":107,"column":3}},"loc":{"start":{"line":107,"column":98},"end":{"line":110,"column":3}},"line":107},"7":{"name":"(anonymous_7)","decl":{"start":{"line":116,"column":2},"end":{"line":116,"column":3}},"loc":{"start":{"line":116,"column":106},"end":{"line":122,"column":3}},"line":116},"8":{"name":"(anonymous_8)","decl":{"start":{"line":125,"column":2},"end":{"line":125,"column":3}},"loc":{"start":{"line":125,"column":83},"end":{"line":135,"column":3}},"line":125},"9":{"name":"(anonymous_9)","decl":{"start":{"line":138,"column":2},"end":{"line":138,"column":3}},"loc":{"start":{"line":138,"column":102},"end":{"line":141,"column":3}},"line":138},"10":{"name":"(anonymous_10)","decl":{"start":{"line":144,"column":2},"end":{"line":144,"column":3}},"loc":{"start":{"line":144,"column":81},"end":{"line":149,"column":3}},"line":144}},"branchMap":{"0":{"loc":{"start":{"line":39,"column":4},"end":{"line":41,"column":5}},"type":"if","locations":[{"start":{"line":39,"column":4},"end":{"line":41,"column":5}},{"start":{},"end":{}}],"line":39},"1":{"loc":{"start":{"line":43,"column":4},"end":{"line":45,"column":5}},"type":"if","locations":[{"start":{"line":43,"column":4},"end":{"line":45,"column":5}},{"start":{},"end":{}}],"line":43},"2":{"loc":{"start":{"line":48,"column":4},"end":{"line":52,"column":5}},"type":"if","locations":[{"start":{"line":48,"column":4},"end":{"line":52,"column":5}},{"start":{"line":50,"column":11},"end":{"line":52,"column":5}}],"line":48},"3":{"loc":{"start":{"line":50,"column":11},"end":{"line":52,"column":5}},"type":"if","locations":[{"start":{"line":50,"column":11},"end":{"line":52,"column":5}},{"start":{},"end":{}}],"line":50},"4":{"loc":{"start":{"line":89,"column":16},"end":{"line":91,"column":34}},"type":"cond-expr","locations":[{"start":{"line":90,"column":8},"end":{"line":90,"column":47}},{"start":{"line":91,"column":8},"end":{"line":91,"column":34}}],"line":89}},"s":{"0":0,"1":0,"2":0,"3":0,"4":0,"5":0,"6":0,"7":0,"8":0,"9":0,"10":0,"11":0,"12":0,"13":0,"14":0,"15":0,"16":0,"17":0,"18":0,"19":0,"20":0,"21":0,"22":0,"23":0,"24":0,"25":0,"26":0,"27":0,"28":0,"29":0,"30":0,"31":0,"32":0,"33":0,"34":0,"35":0,"36":0,"37":0,"38":0,"39":0,"40":0},"f":{"0":0,"1":0,"2":0,"3":0,"4":0,"5":0,"6":0,"7":0,"8":0,"9":0,"10":0},"b":{"0":[0,0],"1":[0,0],"2":[0,0],"3":[0,0],"4":[0,0]}}
,"/Users/miyaichi/adstxt-manager/frontend/src/components/adsTxt/AdsTxtRecordItem.tsx": {"path":"/Users/miyaichi/adstxt-manager/frontend/src/components/adsTxt/AdsTxtRecordItem.tsx","statementMap":{"0":{"start":{"line":19,"column":58},"end":{"line":118,"column":1}},"1":{"start":{"line":26,"column":25},"end":{"line":26,"column":45}},"2":{"start":{"line":28,"column":25},"end":{"line":39,"column":3}},"3":{"start":{"line":29,"column":4},"end":{"line":38,"column":5}},"4":{"start":{"line":31,"column":8},"end":{"line":31,"column":55}},"5":{"start":{"line":33,"column":8},"end":{"line":33,"column":51}},"6":{"start":{"line":35,"column":8},"end":{"line":35,"column":54}},"7":{"start":{"line":37,"column":8},"end":{"line":37,"column":56}},"8":{"start":{"line":41,"column":24},"end":{"line":45,"column":3}},"9":{"start":{"line":42,"column":4},"end":{"line":44,"column":5}},"10":{"start":{"line":43,"column":6},"end":{"line":43,"column":44}},"11":{"start":{"line":47,"column":23},"end":{"line":51,"column":3}},"12":{"start":{"line":48,"column":4},"end":{"line":50,"column":5}},"13":{"start":{"line":49,"column":6},"end":{"line":49,"column":44}},"14":{"start":{"line":53,"column":2},"end":{"line":117,"column":4}}},"fnMap":{"0":{"name":"(anonymous_0)","decl":{"start":{"line":19,"column":58},"end":{"line":19,"column":59}},"loc":{"start":{"line":24,"column":6},"end":{"line":118,"column":1}},"line":24},"1":{"name":"(anonymous_1)","decl":{"start":{"line":28,"column":25},"end":{"line":28,"column":26}},"loc":{"start":{"line":28,"column":45},"end":{"line":39,"column":3}},"line":28},"2":{"name":"(anonymous_2)","decl":{"start":{"line":41,"column":24},"end":{"line":41,"column":25}},"loc":{"start":{"line":41,"column":30},"end":{"line":45,"column":3}},"line":41},"3":{"name":"(anonymous_3)","decl":{"start":{"line":47,"column":23},"end":{"line":47,"column":24}},"loc":{"start":{"line":47,"column":29},"end":{"line":51,"column":3}},"line":47}},"branchMap":{"0":{"loc":{"start":{"line":21,"column":2},"end":{"line":21,"column":24}},"type":"default-arg","locations":[{"start":{"line":21,"column":19},"end":{"line":21,"column":24}}],"line":21},"1":{"loc":{"start":{"line":23,"column":2},"end":{"line":23,"column":20}},"type":"default-arg","locations":[{"start":{"line":23,"column":15},"end":{"line":23,"column":20}}],"line":23},"2":{"loc":{"start":{"line":29,"column":4},"end":{"line":38,"column":5}},"type":"switch","locations":[{"start":{"line":30,"column":6},"end":{"line":31,"column":55}},{"start":{"line":32,"column":6},"end":{"line":33,"column":51}},{"start":{"line":34,"column":6},"end":{"line":35,"column":54}},{"start":{"line":36,"column":6},"end":{"line":37,"column":56}}],"line":29},"3":{"loc":{"start":{"line":42,"column":4},"end":{"line":44,"column":5}},"type":"if","locations":[{"start":{"line":42,"column":4},"end":{"line":44,"column":5}},{"start":{},"end":{}}],"line":42},"4":{"loc":{"start":{"line":48,"column":4},"end":{"line":50,"column":5}},"type":"if","locations":[{"start":{"line":48,"column":4},"end":{"line":50,"column":5}},{"start":{},"end":{}}],"line":48},"5":{"loc":{"start":{"line":71,"column":11},"end":{"line":75,"column":11}},"type":"binary-expr","locations":[{"start":{"line":71,"column":11},"end":{"line":71,"column":44}},{"start":{"line":72,"column":12},"end":{"line":74,"column":19}}],"line":71},"6":{"loc":{"start":{"line":78,"column":9},"end":{"line":91,"column":9}},"type":"binary-expr","locations":[{"start":{"line":78,"column":9},"end":{"line":78,"column":23}},{"start":{"line":78,"column":27},"end":{"line":78,"column":41}},{"start":{"line":79,"column":10},"end":{"line":90,"column":17}}],"line":78},"7":{"loc":{"start":{"line":80,"column":13},"end":{"line":89,"column":13}},"type":"cond-expr","locations":[{"start":{"line":81,"column":14},"end":{"line":81,"column":51}},{"start":{"line":83,"column":14},"end":{"line":88,"column":21}}],"line":80},"8":{"loc":{"start":{"line":93,"column":9},"end":{"line":114,"column":9}},"type":"binary-expr","locations":[{"start":{"line":93,"column":9},"end":{"line":93,"column":19}},{"start":{"line":94,"column":10},"end":{"line":113,"column":17}}],"line":93},"9":{"loc":{"start":{"line":95,"column":13},"end":{"line":103,"column":13}},"type":"binary-expr","locations":[{"start":{"line":95,"column":13},"end":{"line":95,"column":41}},{"start":{"line":96,"column":14},"end":{"line":102,"column":23}}],"line":95},"10":{"loc":{"start":{"line":104,"column":13},"end":{"line":112,"column":13}},"type":"binary-expr","locations":[{"start":{"line":104,"column":13},"end":{"line":104,"column":41}},{"start":{"line":105,"column":14},"end":{"line":111,"column":23}}],"line":104}},"s":{"0":1,"1":3,"2":3,"3":3,"4":0,"5":0,"6":3,"7":0,"8":3,"9":1,"10":1,"11":3,"12":1,"13":1,"14":3},"f":{"0":3,"1":3,"2":1,"3":1},"b":{"0":[3],"1":[1],"2":[0,0,3,0],"3":[1,0],"4":[1,0],"5":[3,3],"6":[3,0,0],"7":[0,0],"8":[3,2],"9":[2,2],"10":[2,2]},"_coverageSchema":"1a1c01bbd47fc00a2c39e90264f33305004495a9","hash":"1625f7e9909929a1d249bb1d4ee9d652f0b3dba7"}
,"/Users/miyaichi/adstxt-manager/frontend/src/components/adsTxt/AdsTxtRecordList.tsx": {"path":"/Users/miyaichi/adstxt-manager/frontend/src/components/adsTxt/AdsTxtRecordList.tsx","statementMap":{"0":{"start":{"line":14,"column":58},"end":{"line":92,"column":1}},"1":{"start":{"line":21,"column":40},"end":{"line":21,"column":52}},"2":{"start":{"line":22,"column":40},"end":{"line":22,"column":51}},"3":{"start":{"line":23,"column":25},"end":{"line":23,"column":27}},"4":{"start":{"line":26,"column":26},"end":{"line":36,"column":4}},"5":{"start":{"line":27,"column":18},"end":{"line":27,"column":43}},"6":{"start":{"line":28,"column":4},"end":{"line":35,"column":6}},"7":{"start":{"line":39,"column":21},"end":{"line":39,"column":71}},"8":{"start":{"line":40,"column":28},"end":{"line":40,"column":56}},"9":{"start":{"line":41,"column":29},"end":{"line":41,"column":63}},"10":{"start":{"line":42,"column":25},"end":{"line":42,"column":85}},"11":{"start":{"line":44,"column":2},"end":{"line":91,"column":4}},"12":{"start":{"line":57,"column":27},"end":{"line":57,"column":57}},"13":{"start":{"line":68,"column":16},"end":{"line":74,"column":18}},"14":{"start":{"line":81,"column":32},"end":{"line":81,"column":86}},"15":{"start":{"line":81,"column":55},"end":{"line":81,"column":85}},"16":{"start":{"line":82,"column":36},"end":{"line":82,"column":81}},"17":{"start":{"line":82,"column":59},"end":{"line":82,"column":80}},"18":{"start":{"line":83,"column":41},"end":{"line":83,"column":69}}},"fnMap":{"0":{"name":"(anonymous_0)","decl":{"start":{"line":14,"column":58},"end":{"line":14,"column":59}},"loc":{"start":{"line":20,"column":6},"end":{"line":92,"column":1}},"line":20},"1":{"name":"(anonymous_1)","decl":{"start":{"line":26,"column":41},"end":{"line":26,"column":42}},"loc":{"start":{"line":26,"column":51},"end":{"line":36,"column":3}},"line":26},"2":{"name":"(anonymous_2)","decl":{"start":{"line":57,"column":22},"end":{"line":57,"column":23}},"loc":{"start":{"line":57,"column":27},"end":{"line":57,"column":57}},"line":57},"3":{"name":"(anonymous_3)","decl":{"start":{"line":67,"column":34},"end":{"line":67,"column":35}},"loc":{"start":{"line":68,"column":16},"end":{"line":74,"column":18}},"line":68},"4":{"name":"(anonymous_4)","decl":{"start":{"line":81,"column":26},"end":{"line":81,"column":27}},"loc":{"start":{"line":81,"column":32},"end":{"line":81,"column":86}},"line":81},"5":{"name":"(anonymous_5)","decl":{"start":{"line":81,"column":47},"end":{"line":81,"column":48}},"loc":{"start":{"line":81,"column":55},"end":{"line":81,"column":85}},"line":81},"6":{"name":"(anonymous_6)","decl":{"start":{"line":82,"column":30},"end":{"line":82,"column":31}},"loc":{"start":{"line":82,"column":36},"end":{"line":82,"column":81}},"line":82},"7":{"name":"(anonymous_7)","decl":{"start":{"line":82,"column":51},"end":{"line":82,"column":52}},"loc":{"start":{"line":82,"column":59},"end":{"line":82,"column":80}},"line":82},"8":{"name":"(anonymous_8)","decl":{"start":{"line":83,"column":28},"end":{"line":83,"column":29}},"loc":{"start":{"line":83,"column":41},"end":{"line":83,"column":69}},"line":83}},"branchMap":{"0":{"loc":{"start":{"line":16,"column":2},"end":{"line":16,"column":24}},"type":"default-arg","locations":[{"start":{"line":16,"column":19},"end":{"line":16,"column":24}}],"line":16},"1":{"loc":{"start":{"line":18,"column":2},"end":{"line":18,"column":20}},"type":"default-arg","locations":[{"start":{"line":18,"column":15},"end":{"line":18,"column":20}}],"line":18},"2":{"loc":{"start":{"line":19,"column":2},"end":{"line":19,"column":23}},"type":"default-arg","locations":[{"start":{"line":19,"column":10},"end":{"line":19,"column":23}}],"line":19},"3":{"loc":{"start":{"line":29,"column":6},"end":{"line":34,"column":55}},"type":"binary-expr","locations":[{"start":{"line":29,"column":6},"end":{"line":29,"column":49}},{"start":{"line":30,"column":6},"end":{"line":30,"column":53}},{"start":{"line":31,"column":6},"end":{"line":31,"column":55}},{"start":{"line":32,"column":7},"end":{"line":32,"column":40}},{"start":{"line":33,"column":8},"end":{"line":33,"column":71}},{"start":{"line":34,"column":6},"end":{"line":34,"column":55}}],"line":29},"4":{"loc":{"start":{"line":49,"column":7},"end":{"line":89,"column":7}},"type":"cond-expr","locations":[{"start":{"line":50,"column":8},"end":{"line":50,"column":31}},{"start":{"line":52,"column":8},"end":{"line":88,"column":11}}],"line":49},"5":{"loc":{"start":{"line":61,"column":11},"end":{"line":87,"column":11}},"type":"cond-expr","locations":[{"start":{"line":62,"column":12},"end":{"line":62,"column":44}},{"start":{"line":64,"column":12},"end":{"line":86,"column":15}}],"line":61},"6":{"loc":{"start":{"line":77,"column":15},"end":{"line":85,"column":15}},"type":"binary-expr","locations":[{"start":{"line":77,"column":15},"end":{"line":77,"column":29}},{"start":{"line":78,"column":16},"end":{"line":84,"column":18}}],"line":77},"7":{"loc":{"start":{"line":83,"column":56},"end":{"line":83,"column":68}},"type":"binary-expr","locations":[{"start":{"line":83,"column":56},"end":{"line":83,"column":63}},{"start":{"line":83,"column":67},"end":{"line":83,"column":68}}],"line":83}},"s":{"0":1,"1":10,"2":10,"3":10,"4":10,"5":55,"6":55,"7":10,"8":10,"9":10,"10":10,"11":10,"12":2,"13":32,"14":1,"15":1,"16":0,"17":0,"18":0},"f":{"0":10,"1":55,"2":2,"3":32,"4":1,"5":1,"6":0,"7":0,"8":0},"b":{"0":[9],"1":[9],"2":[9],"3":[55,5,5,5,1,5],"4":[1,9],"5":[1,8],"6":[8,2],"7":[0,0]},"_coverageSchema":"1a1c01bbd47fc00a2c39e90264f33305004495a9","hash":"8ea38959d1b81b72e4293a229e4a0b5135b336e5"}
,"/Users/miyaichi/adstxt-manager/frontend/src/components/common/ErrorMessage.tsx": {"path":"/Users/miyaichi/adstxt-manager/frontend/src/components/common/ErrorMessage.tsx","statementMap":{"0":{"start":{"line":11,"column":50},"end":{"line":34,"column":1}},"1":{"start":{"line":16,"column":2},"end":{"line":33,"column":4}}},"fnMap":{"0":{"name":"(anonymous_0)","decl":{"start":{"line":11,"column":50},"end":{"line":11,"column":51}},"loc":{"start":{"line":15,"column":6},"end":{"line":34,"column":1}},"line":15}},"branchMap":{"0":{"loc":{"start":{"line":12,"column":2},"end":{"line":12,"column":22}},"type":"default-arg","locations":[{"start":{"line":12,"column":10},"end":{"line":12,"column":22}}],"line":12},"1":{"loc":{"start":{"line":14,"column":2},"end":{"line":14,"column":23}},"type":"default-arg","locations":[{"start":{"line":14,"column":19},"end":{"line":14,"column":23}}],"line":14},"2":{"loc":{"start":{"line":26,"column":9},"end":{"line":30,"column":9}},"type":"binary-expr","locations":[{"start":{"line":26,"column":9},"end":{"line":26,"column":23}},{"start":{"line":27,"column":10},"end":{"line":29,"column":19}}],"line":26}},"s":{"0":1,"1":3},"f":{"0":3},"b":{"0":[2],"1":[2],"2":[3,2]},"_coverageSchema":"1a1c01bbd47fc00a2c39e90264f33305004495a9","hash":"478d799eb874644b2cbefc258d4cc7abb50b898b"}
,"/Users/miyaichi/adstxt-manager/frontend/src/components/common/Header.tsx": {"path":"/Users/miyaichi/adstxt-manager/frontend/src/components/common/Header.tsx","statementMap":{"0":{"start":{"line":10,"column":25},"end":{"line":48,"column":1}},"1":{"start":{"line":11,"column":21},"end":{"line":11,"column":31}},"2":{"start":{"line":13,"column":2},"end":{"line":47,"column":4}}},"fnMap":{"0":{"name":"(anonymous_0)","decl":{"start":{"line":10,"column":25},"end":{"line":10,"column":26}},"loc":{"start":{"line":10,"column":31},"end":{"line":48,"column":1}},"line":10}},"branchMap":{},"s":{"0":1,"1":2,"2":2},"f":{"0":2},"b":{},"_coverageSchema":"1a1c01bbd47fc00a2c39e90264f33305004495a9","hash":"4c358d14f46e12497a47d4850e44ae448037ab11"}
,"/Users/miyaichi/adstxt-manager/frontend/src/components/messages/MessageForm.tsx": {"path":"/Users/miyaichi/adstxt-manager/frontend/src/components/messages/MessageForm.tsx","statementMap":{"0":{"start":{"line":19,"column":48},"end":{"line":113,"column":1}},"1":{"start":{"line":20,"column":32},"end":{"line":20,"column":44}},"2":{"start":{"line":21,"column":40},"end":{"line":21,"column":52}},"3":{"start":{"line":22,"column":36},"end":{"line":22,"column":51}},"4":{"start":{"line":23,"column":28},"end":{"line":23,"column":57}},"5":{"start":{"line":24,"column":32},"end":{"line":24,"column":47}},"6":{"start":{"line":26,"column":23},"end":{"line":62,"column":3}},"7":{"start":{"line":27,"column":4},"end":{"line":27,"column":23}},"8":{"start":{"line":29,"column":4},"end":{"line":32,"column":5}},"9":{"start":{"line":30,"column":6},"end":{"line":30,"column":39}},"10":{"start":{"line":31,"column":6},"end":{"line":31,"column":13}},"11":{"start":{"line":34,"column":4},"end":{"line":61,"column":5}},"12":{"start":{"line":35,"column":6},"end":{"line":35,"column":25}},"13":{"start":{"line":36,"column":6},"end":{"line":36,"column":21}},"14":{"start":{"line":37,"column":6},"end":{"line":37,"column":24}},"15":{"start":{"line":39,"column":23},"end":{"line":44,"column":8}},"16":{"start":{"line":46,"column":6},"end":{"line":55,"column":7}},"17":{"start":{"line":47,"column":8},"end":{"line":47,"column":23}},"18":{"start":{"line":48,"column":8},"end":{"line":48,"column":25}},"19":{"start":{"line":50,"column":8},"end":{"line":52,"column":9}},"20":{"start":{"line":51,"column":10},"end":{"line":51,"column":39}},"21":{"start":{"line":54,"column":8},"end":{"line":54,"column":68}},"22":{"start":{"line":57,"column":6},"end":{"line":57,"column":39}},"23":{"start":{"line":58,"column":6},"end":{"line":58,"column":25}},"24":{"start":{"line":60,"column":6},"end":{"line":60,"column":26}},"25":{"start":{"line":64,"column":2},"end":{"line":112,"column":4}},"26":{"start":{"line":85,"column":27},"end":{"line":85,"column":57}},"27":{"start":{"line":94,"column":27},"end":{"line":94,"column":53}}},"fnMap":{"0":{"name":"(anonymous_0)","decl":{"start":{"line":19,"column":48},"end":{"line":19,"column":49}},"loc":{"start":{"line":19,"column":89},"end":{"line":113,"column":1}},"line":19},"1":{"name":"(anonymous_1)","decl":{"start":{"line":26,"column":23},"end":{"line":26,"column":24}},"loc":{"start":{"line":26,"column":53},"end":{"line":62,"column":3}},"line":26},"2":{"name":"(anonymous_2)","decl":{"start":{"line":85,"column":22},"end":{"line":85,"column":23}},"loc":{"start":{"line":85,"column":27},"end":{"line":85,"column":57}},"line":85},"3":{"name":"(anonymous_3)","decl":{"start":{"line":94,"column":22},"end":{"line":94,"column":23}},"loc":{"start":{"line":94,"column":27},"end":{"line":94,"column":53}},"line":94}},"branchMap":{"0":{"loc":{"start":{"line":29,"column":4},"end":{"line":32,"column":5}},"type":"if","locations":[{"start":{"line":29,"column":4},"end":{"line":32,"column":5}},{"start":{},"end":{}}],"line":29},"1":{"loc":{"start":{"line":29,"column":8},"end":{"line":29,"column":32}},"type":"binary-expr","locations":[{"start":{"line":29,"column":8},"end":{"line":29,"column":16}},{"start":{"line":29,"column":20},"end":{"line":29,"column":32}}],"line":29},"2":{"loc":{"start":{"line":46,"column":6},"end":{"line":55,"column":7}},"type":"if","locations":[{"start":{"line":46,"column":6},"end":{"line":55,"column":7}},{"start":{"line":53,"column":13},"end":{"line":55,"column":7}}],"line":46},"3":{"loc":{"start":{"line":50,"column":8},"end":{"line":52,"column":9}},"type":"if","locations":[{"start":{"line":50,"column":8},"end":{"line":52,"column":9}},{"start":{},"end":{}}],"line":50},"4":{"loc":{"start":{"line":54,"column":17},"end":{"line":54,"column":66}},"type":"binary-expr","locations":[{"start":{"line":54,"column":17},"end":{"line":54,"column":40}},{"start":{"line":54,"column":44},"end":{"line":54,"column":66}}],"line":54},"5":{"loc":{"start":{"line":70,"column":11},"end":{"line":74,"column":11}},"type":"binary-expr","locations":[{"start":{"line":70,"column":11},"end":{"line":70,"column":16}},{"start":{"line":71,"column":12},"end":{"line":73,"column":20}}],"line":70},"6":{"loc":{"start":{"line":76,"column":11},"end":{"line":80,"column":11}},"type":"binary-expr","locations":[{"start":{"line":76,"column":11},"end":{"line":76,"column":18}},{"start":{"line":77,"column":12},"end":{"line":79,"column":20}}],"line":76},"7":{"loc":{"start":{"line":105,"column":24},"end":{"line":105,"column":48}},"type":"binary-expr","locations":[{"start":{"line":105,"column":24},"end":{"line":105,"column":32}},{"start":{"line":105,"column":36},"end":{"line":105,"column":48}}],"line":105}},"s":{"0":0,"1":0,"2":0,"3":0,"4":0,"5":0,"6":0,"7":0,"8":0,"9":0,"10":0,"11":0,"12":0,"13":0,"14":0,"15":0,"16":0,"17":0,"18":0,"19":0,"20":0,"21":0,"22":0,"23":0,"24":0,"25":0,"26":0,"27":0},"f":{"0":0,"1":0,"2":0,"3":0},"b":{"0":[0,0],"1":[0,0],"2":[0,0],"3":[0,0],"4":[0,0],"5":[0,0],"6":[0,0],"7":[0,0]}}
,"/Users/miyaichi/adstxt-manager/frontend/src/components/messages/MessageList.tsx": {"path":"/Users/miyaichi/adstxt-manager/frontend/src/components/messages/MessageList.tsx","statementMap":{"0":{"start":{"line":20,"column":48},"end":{"line":86,"column":1}},"1":{"start":{"line":21,"column":34},"end":{"line":21,"column":76}},"2":{"start":{"line":22,"column":32},"end":{"line":22,"column":58}},"3":{"start":{"line":23,"column":28},"end":{"line":23,"column":57}},"4":{"start":{"line":25,"column":2},"end":{"line":52,"column":42}},"5":{"start":{"line":26,"column":4},"end":{"line":29,"column":5}},"6":{"start":{"line":27,"column":6},"end":{"line":27,"column":35}},"7":{"start":{"line":28,"column":6},"end":{"line":28,"column":13}},"8":{"start":{"line":31,"column":26},"end":{"line":49,"column":5}},"9":{"start":{"line":32,"column":6},"end":{"line":48,"column":7}},"10":{"start":{"line":33,"column":8},"end":{"line":33,"column":25}},"11":{"start":{"line":34,"column":8},"end":{"line":34,"column":23}},"12":{"start":{"line":36,"column":25},"end":{"line":36,"column":82}},"13":{"start":{"line":38,"column":8},"end":{"line":42,"column":9}},"14":{"start":{"line":39,"column":10},"end":{"line":39,"column":37}},"15":{"start":{"line":41,"column":10},"end":{"line":41,"column":70}},"16":{"start":{"line":44,"column":8},"end":{"line":44,"column":41}},"17":{"start":{"line":45,"column":8},"end":{"line":45,"column":27}},"18":{"start":{"line":47,"column":8},"end":{"line":47,"column":26}},"19":{"start":{"line":51,"column":4},"end":{"line":51,"column":20}},"20":{"start":{"line":54,"column":2},"end":{"line":60,"column":3}},"21":{"start":{"line":55,"column":4},"end":{"line":59,"column":6}},"22":{"start":{"line":62,"column":2},"end":{"line":68,"column":3}},"23":{"start":{"line":63,"column":4},"end":{"line":67,"column":6}},"24":{"start":{"line":70,"column":2},"end":{"line":85,"column":4}},"25":{"start":{"line":80,"column":12},"end":{"line":80,"column":62}}},"fnMap":{"0":{"name":"(anonymous_0)","decl":{"start":{"line":20,"column":48},"end":{"line":20,"column":49}},"loc":{"start":{"line":20,"column":101},"end":{"line":86,"column":1}},"line":20},"1":{"name":"(anonymous_1)","decl":{"start":{"line":25,"column":12},"end":{"line":25,"column":13}},"loc":{"start":{"line":25,"column":18},"end":{"line":52,"column":3}},"line":25},"2":{"name":"(anonymous_2)","decl":{"start":{"line":31,"column":26},"end":{"line":31,"column":27}},"loc":{"start":{"line":31,"column":38},"end":{"line":49,"column":5}},"line":31},"3":{"name":"(anonymous_3)","decl":{"start":{"line":79,"column":24},"end":{"line":79,"column":25}},"loc":{"start":{"line":80,"column":12},"end":{"line":80,"column":62}},"line":80}},"branchMap":{"0":{"loc":{"start":{"line":21,"column":54},"end":{"line":21,"column":75}},"type":"binary-expr","locations":[{"start":{"line":21,"column":54},"end":{"line":21,"column":69}},{"start":{"line":21,"column":73},"end":{"line":21,"column":75}}],"line":21},"1":{"loc":{"start":{"line":26,"column":4},"end":{"line":29,"column":5}},"type":"if","locations":[{"start":{"line":26,"column":4},"end":{"line":29,"column":5}},{"start":{},"end":{}}],"line":26},"2":{"loc":{"start":{"line":38,"column":8},"end":{"line":42,"column":9}},"type":"if","locations":[{"start":{"line":38,"column":8},"end":{"line":42,"column":9}},{"start":{"line":40,"column":15},"end":{"line":42,"column":9}}],"line":38},"3":{"loc":{"start":{"line":41,"column":19},"end":{"line":41,"column":68}},"type":"binary-expr","locations":[{"start":{"line":41,"column":19},"end":{"line":41,"column":42}},{"start":{"line":41,"column":46},"end":{"line":41,"column":68}}],"line":41},"4":{"loc":{"start":{"line":54,"column":2},"end":{"line":60,"column":3}},"type":"if","locations":[{"start":{"line":54,"column":2},"end":{"line":60,"column":3}},{"start":{},"end":{}}],"line":54},"5":{"loc":{"start":{"line":62,"column":2},"end":{"line":68,"column":3}},"type":"if","locations":[{"start":{"line":62,"column":2},"end":{"line":68,"column":3}},{"start":{},"end":{}}],"line":62},"6":{"loc":{"start":{"line":75,"column":7},"end":{"line":83,"column":7}},"type":"cond-expr","locations":[{"start":{"line":76,"column":8},"end":{"line":76,"column":43}},{"start":{"line":78,"column":8},"end":{"line":82,"column":15}}],"line":75}},"s":{"0":0,"1":0,"2":0,"3":0,"4":0,"5":0,"6":0,"7":0,"8":0,"9":0,"10":0,"11":0,"12":0,"13":0,"14":0,"15":0,"16":0,"17":0,"18":0,"19":0,"20":0,"21":0,"22":0,"23":0,"24":0,"25":0},"f":{"0":0,"1":0,"2":0,"3":0},"b":{"0":[0,0],"1":[0,0],"2":[0,0],"3":[0,0],"4":[0,0],"5":[0,0],"6":[0,0]}}
,"/Users/miyaichi/adstxt-manager/frontend/src/components/requests/RequestDetail.tsx": {"path":"/Users/miyaichi/adstxt-manager/frontend/src/components/requests/RequestDetail.tsx","statementMap":{"0":{"start":{"line":29,"column":52},"end":{"line":361,"column":1}},"1":{"start":{"line":30,"column":32},"end":{"line":30,"column":73}},"2":{"start":{"line":31,"column":34},"end":{"line":31,"column":57}},"3":{"start":{"line":32,"column":32},"end":{"line":32,"column":46}},"4":{"start":{"line":33,"column":28},"end":{"line":33,"column":57}},"5":{"start":{"line":34,"column":44},"end":{"line":34,"column":64}},"6":{"start":{"line":35,"column":52},"end":{"line":35,"column":67}},"7":{"start":{"line":36,"column":36},"end":{"line":36,"column":47}},"8":{"start":{"line":37,"column":21},"end":{"line":37,"column":31}},"9":{"start":{"line":39,"column":30},"end":{"line":57,"column":3}},"10":{"start":{"line":40,"column":4},"end":{"line":56,"column":5}},"11":{"start":{"line":41,"column":6},"end":{"line":41,"column":23}},"12":{"start":{"line":42,"column":6},"end":{"line":42,"column":21}},"13":{"start":{"line":44,"column":23},"end":{"line":44,"column":68}},"14":{"start":{"line":46,"column":6},"end":{"line":50,"column":7}},"15":{"start":{"line":47,"column":8},"end":{"line":47,"column":34}},"16":{"start":{"line":49,"column":8},"end":{"line":49,"column":68}},"17":{"start":{"line":52,"column":6},"end":{"line":52,"column":39}},"18":{"start":{"line":53,"column":6},"end":{"line":53,"column":25}},"19":{"start":{"line":55,"column":6},"end":{"line":55,"column":24}},"20":{"start":{"line":59,"column":24},"end":{"line":68,"column":3}},"21":{"start":{"line":60,"column":4},"end":{"line":67,"column":5}},"22":{"start":{"line":61,"column":23},"end":{"line":61,"column":78}},"23":{"start":{"line":62,"column":6},"end":{"line":64,"column":7}},"24":{"start":{"line":66,"column":6},"end":{"line":66,"column":50}},"25":{"start":{"line":70,"column":32},"end":{"line":78,"column":3}},"26":{"start":{"line":71,"column":4},"end":{"line":77,"column":5}},"27":{"start":{"line":72,"column":22},"end":{"line":72,"column":77}},"28":{"start":{"line":73,"column":6},"end":{"line":73,"column":32}},"29":{"start":{"line":74,"column":6},"end":{"line":74,"column":33}},"30":{"start":{"line":76,"column":6},"end":{"line":76,"column":57}},"31":{"start":{"line":80,"column":29},"end":{"line":106,"column":3}},"32":{"start":{"line":81,"column":4},"end":{"line":81,"column":25}},"33":{"start":{"line":81,"column":18},"end":{"line":81,"column":25}},"34":{"start":{"line":83,"column":4},"end":{"line":105,"column":5}},"35":{"start":{"line":84,"column":6},"end":{"line":84,"column":23}},"36":{"start":{"line":86,"column":23},"end":{"line":86,"column":88}},"37":{"start":{"line":88,"column":6},"end":{"line":99,"column":7}},"38":{"start":{"line":90,"column":8},"end":{"line":96,"column":18}},"39":{"start":{"line":90,"column":27},"end":{"line":96,"column":16}},"40":{"start":{"line":98,"column":8},"end":{"line":98,"column":68}},"41":{"start":{"line":101,"column":6},"end":{"line":101,"column":39}},"42":{"start":{"line":102,"column":6},"end":{"line":102,"column":25}},"43":{"start":{"line":104,"column":6},"end":{"line":104,"column":24}},"44":{"start":{"line":108,"column":35},"end":{"line":137,"column":3}},"45":{"start":{"line":109,"column":4},"end":{"line":136,"column":5}},"46":{"start":{"line":110,"column":6},"end":{"line":110,"column":23}},"47":{"start":{"line":112,"column":23},"end":{"line":112,"column":82}},"48":{"start":{"line":114,"column":6},"end":{"line":130,"column":7}},"49":{"start":{"line":116,"column":8},"end":{"line":127,"column":11}},"50":{"start":{"line":117,"column":10},"end":{"line":117,"column":33}},"51":{"start":{"line":117,"column":21},"end":{"line":117,"column":33}},"52":{"start":{"line":119,"column":10},"end":{"line":126,"column":12}},"53":{"start":{"line":122,"column":14},"end":{"line":124,"column":24}},"54":{"start":{"line":129,"column":8},"end":{"line":129,"column":72}},"55":{"start":{"line":132,"column":6},"end":{"line":132,"column":43}},"56":{"start":{"line":133,"column":6},"end":{"line":133,"column":25}},"57":{"start":{"line":135,"column":6},"end":{"line":135,"column":24}},"58":{"start":{"line":139,"column":28},"end":{"line":141,"column":3}},"59":{"start":{"line":140,"column":4},"end":{"line":140,"column":44}},"60":{"start":{"line":140,"column":24},"end":{"line":140,"column":42}},"61":{"start":{"line":143,"column":25},"end":{"line":156,"column":3}},"62":{"start":{"line":144,"column":4},"end":{"line":155,"column":5}},"63":{"start":{"line":146,"column":8},"end":{"line":146,"column":55}},"64":{"start":{"line":148,"column":8},"end":{"line":148,"column":51}},"65":{"start":{"line":150,"column":8},"end":{"line":150,"column":54}},"66":{"start":{"line":152,"column":8},"end":{"line":152,"column":52}},"67":{"start":{"line":154,"column":8},"end":{"line":154,"column":39}},"68":{"start":{"line":158,"column":2},"end":{"line":161,"column":25}},"69":{"start":{"line":159,"column":4},"end":{"line":159,"column":26}},"70":{"start":{"line":160,"column":4},"end":{"line":160,"column":20}},"71":{"start":{"line":163,"column":2},"end":{"line":169,"column":3}},"72":{"start":{"line":164,"column":4},"end":{"line":168,"column":6}},"73":{"start":{"line":171,"column":2},"end":{"line":177,"column":3}},"74":{"start":{"line":172,"column":4},"end":{"line":176,"column":6}},"75":{"start":{"line":179,"column":2},"end":{"line":185,"column":3}},"76":{"start":{"line":180,"column":4},"end":{"line":184,"column":6}},"77":{"start":{"line":187,"column":26},"end":{"line":187,"column":88}},"78":{"start":{"line":187,"column":59},"end":{"line":187,"column":87}},"79":{"start":{"line":188,"column":25},"end":{"line":188,"column":86}},"80":{"start":{"line":188,"column":58},"end":{"line":188,"column":85}},"81":{"start":{"line":189,"column":26},"end":{"line":189,"column":88}},"82":{"start":{"line":189,"column":59},"end":{"line":189,"column":87}},"83":{"start":{"line":191,"column":2},"end":{"line":360,"column":4}},"84":{"start":{"line":268,"column":31},"end":{"line":268,"column":61}},"85":{"start":{"line":276,"column":31},"end":{"line":276,"column":61}},"86":{"start":{"line":290,"column":29},"end":{"line":290,"column":80}},"87":{"start":{"line":321,"column":24},"end":{"line":321,"column":69}}},"fnMap":{"0":{"name":"(anonymous_0)","decl":{"start":{"line":29,"column":52},"end":{"line":29,"column":53}},"loc":{"start":{"line":29,"column":78},"end":{"line":361,"column":1}},"line":29},"1":{"name":"(anonymous_1)","decl":{"start":{"line":39,"column":30},"end":{"line":39,"column":31}},"loc":{"start":{"line":39,"column":42},"end":{"line":57,"column":3}},"line":39},"2":{"name":"(anonymous_2)","decl":{"start":{"line":59,"column":24},"end":{"line":59,"column":25}},"loc":{"start":{"line":59,"column":36},"end":{"line":68,"column":3}},"line":59},"3":{"name":"(anonymous_3)","decl":{"start":{"line":70,"column":32},"end":{"line":70,"column":33}},"loc":{"start":{"line":70,"column":44},"end":{"line":78,"column":3}},"line":70},"4":{"name":"(anonymous_4)","decl":{"start":{"line":80,"column":29},"end":{"line":80,"column":30}},"loc":{"start":{"line":80,"column":87},"end":{"line":106,"column":3}},"line":80},"5":{"name":"(anonymous_5)","decl":{"start":{"line":90,"column":19},"end":{"line":90,"column":20}},"loc":{"start":{"line":90,"column":27},"end":{"line":96,"column":16}},"line":90},"6":{"name":"(anonymous_6)","decl":{"start":{"line":108,"column":35},"end":{"line":108,"column":36}},"loc":{"start":{"line":108,"column":108},"end":{"line":137,"column":3}},"line":108},"7":{"name":"(anonymous_7)","decl":{"start":{"line":116,"column":19},"end":{"line":116,"column":20}},"loc":{"start":{"line":116,"column":27},"end":{"line":127,"column":9}},"line":116},"8":{"name":"(anonymous_8)","decl":{"start":{"line":121,"column":38},"end":{"line":121,"column":39}},"loc":{"start":{"line":122,"column":14},"end":{"line":124,"column":24}},"line":122},"9":{"name":"(anonymous_9)","decl":{"start":{"line":139,"column":28},"end":{"line":139,"column":29}},"loc":{"start":{"line":139,"column":50},"end":{"line":141,"column":3}},"line":139},"10":{"name":"(anonymous_10)","decl":{"start":{"line":140,"column":16},"end":{"line":140,"column":17}},"loc":{"start":{"line":140,"column":24},"end":{"line":140,"column":42}},"line":140},"11":{"name":"(anonymous_11)","decl":{"start":{"line":143,"column":25},"end":{"line":143,"column":26}},"loc":{"start":{"line":143,"column":45},"end":{"line":156,"column":3}},"line":143},"12":{"name":"(anonymous_12)","decl":{"start":{"line":158,"column":12},"end":{"line":158,"column":13}},"loc":{"start":{"line":158,"column":18},"end":{"line":161,"column":3}},"line":158},"13":{"name":"(anonymous_13)","decl":{"start":{"line":187,"column":49},"end":{"line":187,"column":50}},"loc":{"start":{"line":187,"column":59},"end":{"line":187,"column":87}},"line":187},"14":{"name":"(anonymous_14)","decl":{"start":{"line":188,"column":48},"end":{"line":188,"column":49}},"loc":{"start":{"line":188,"column":58},"end":{"line":188,"column":85}},"line":188},"15":{"name":"(anonymous_15)","decl":{"start":{"line":189,"column":49},"end":{"line":189,"column":50}},"loc":{"start":{"line":189,"column":59},"end":{"line":189,"column":87}},"line":189},"16":{"name":"(anonymous_16)","decl":{"start":{"line":268,"column":25},"end":{"line":268,"column":26}},"loc":{"start":{"line":268,"column":31},"end":{"line":268,"column":61}},"line":268},"17":{"name":"(anonymous_17)","decl":{"start":{"line":276,"column":25},"end":{"line":276,"column":26}},"loc":{"start":{"line":276,"column":31},"end":{"line":276,"column":61}},"line":276},"18":{"name":"(anonymous_18)","decl":{"start":{"line":290,"column":20},"end":{"line":290,"column":21}},"loc":{"start":{"line":290,"column":29},"end":{"line":290,"column":80}},"line":290},"19":{"name":"(anonymous_19)","decl":{"start":{"line":320,"column":31},"end":{"line":320,"column":32}},"loc":{"start":{"line":320,"column":37},"end":{"line":322,"column":23}},"line":320}},"branchMap":{"0":{"loc":{"start":{"line":46,"column":6},"end":{"line":50,"column":7}},"type":"if","locations":[{"start":{"line":46,"column":6},"end":{"line":50,"column":7}},{"start":{"line":48,"column":13},"end":{"line":50,"column":7}}],"line":46},"1":{"loc":{"start":{"line":49,"column":17},"end":{"line":49,"column":66}},"type":"binary-expr","locations":[{"start":{"line":49,"column":17},"end":{"line":49,"column":40}},{"start":{"line":49,"column":44},"end":{"line":49,"column":66}}],"line":49},"2":{"loc":{"start":{"line":62,"column":6},"end":{"line":64,"column":7}},"type":"if","locations":[{"start":{"line":62,"column":6},"end":{"line":64,"column":7}},{"start":{},"end":{}}],"line":62},"3":{"loc":{"start":{"line":81,"column":4},"end":{"line":81,"column":25}},"type":"if","locations":[{"start":{"line":81,"column":4},"end":{"line":81,"column":25}},{"start":{},"end":{}}],"line":81},"4":{"loc":{"start":{"line":88,"column":6},"end":{"line":99,"column":7}},"type":"if","locations":[{"start":{"line":88,"column":6},"end":{"line":99,"column":7}},{"start":{"line":97,"column":13},"end":{"line":99,"column":7}}],"line":88},"5":{"loc":{"start":{"line":90,"column":27},"end":{"line":96,"column":16}},"type":"cond-expr","locations":[{"start":{"line":90,"column":34},"end":{"line":96,"column":9}},{"start":{"line":96,"column":12},"end":{"line":96,"column":16}}],"line":90},"6":{"loc":{"start":{"line":98,"column":17},"end":{"line":98,"column":66}},"type":"binary-expr","locations":[{"start":{"line":98,"column":17},"end":{"line":98,"column":40}},{"start":{"line":98,"column":44},"end":{"line":98,"column":66}}],"line":98},"7":{"loc":{"start":{"line":114,"column":6},"end":{"line":130,"column":7}},"type":"if","locations":[{"start":{"line":114,"column":6},"end":{"line":130,"column":7}},{"start":{"line":128,"column":13},"end":{"line":130,"column":7}}],"line":114},"8":{"loc":{"start":{"line":117,"column":10},"end":{"line":117,"column":33}},"type":"if","locations":[{"start":{"line":117,"column":10},"end":{"line":117,"column":33}},{"start":{},"end":{}}],"line":117},"9":{"loc":{"start":{"line":122,"column":14},"end":{"line":124,"column":24}},"type":"cond-expr","locations":[{"start":{"line":123,"column":18},"end":{"line":123,"column":39}},{"start":{"line":124,"column":18},"end":{"line":124,"column":24}}],"line":122},"10":{"loc":{"start":{"line":129,"column":17},"end":{"line":129,"column":70}},"type":"binary-expr","locations":[{"start":{"line":129,"column":17},"end":{"line":129,"column":40}},{"start":{"line":129,"column":44},"end":{"line":129,"column":70}}],"line":129},"11":{"loc":{"start":{"line":144,"column":4},"end":{"line":155,"column":5}},"type":"switch","locations":[{"start":{"line":145,"column":6},"end":{"line":146,"column":55}},{"start":{"line":147,"column":6},"end":{"line":148,"column":51}},{"start":{"line":149,"column":6},"end":{"line":150,"column":54}},{"start":{"line":151,"column":6},"end":{"line":152,"column":52}},{"start":{"line":153,"column":6},"end":{"line":154,"column":39}}],"line":144},"12":{"loc":{"start":{"line":163,"column":2},"end":{"line":169,"column":3}},"type":"if","locations":[{"start":{"line":163,"column":2},"end":{"line":169,"column":3}},{"start":{},"end":{}}],"line":163},"13":{"loc":{"start":{"line":163,"column":6},"end":{"line":163,"column":25}},"type":"binary-expr","locations":[{"start":{"line":163,"column":6},"end":{"line":163,"column":13}},{"start":{"line":163,"column":17},"end":{"line":163,"column":25}}],"line":163},"14":{"loc":{"start":{"line":171,"column":2},"end":{"line":177,"column":3}},"type":"if","locations":[{"start":{"line":171,"column":2},"end":{"line":177,"column":3}},{"start":{},"end":{}}],"line":171},"15":{"loc":{"start":{"line":179,"column":2},"end":{"line":185,"column":3}},"type":"if","locations":[{"start":{"line":179,"column":2},"end":{"line":185,"column":3}},{"start":{},"end":{}}],"line":179},"16":{"loc":{"start":{"line":210,"column":15},"end":{"line":214,"column":15}},"type":"binary-expr","locations":[{"start":{"line":210,"column":15},"end":{"line":210,"column":45}},{"start":{"line":211,"column":16},"end":{"line":213,"column":23}}],"line":210},"17":{"loc":{"start":{"line":215,"column":15},"end":{"line":219,"column":15}},"type":"binary-expr","locations":[{"start":{"line":215,"column":15},"end":{"line":215,"column":47}},{"start":{"line":216,"column":16},"end":{"line":218,"column":23}}],"line":215},"18":{"loc":{"start":{"line":264,"column":11},"end":{"line":283,"column":11}},"type":"binary-expr","locations":[{"start":{"line":264,"column":11},"end":{"line":264,"column":47}},{"start":{"line":265,"column":12},"end":{"line":282,"column":19}}],"line":264},"19":{"loc":{"start":{"line":290,"column":42},"end":{"line":290,"column":79}},"type":"cond-expr","locations":[{"start":{"line":290,"column":70},"end":{"line":290,"column":75}},{"start":{"line":290,"column":78},"end":{"line":290,"column":79}}],"line":290},"20":{"loc":{"start":{"line":300,"column":15},"end":{"line":307,"column":15}},"type":"binary-expr","locations":[{"start":{"line":300,"column":15},"end":{"line":300,"column":41}},{"start":{"line":301,"column":16},"end":{"line":306,"column":25}}],"line":300},"21":{"loc":{"start":{"line":309,"column":15},"end":{"line":336,"column":15}},"type":"binary-expr","locations":[{"start":{"line":309,"column":15},"end":{"line":309,"column":32}},{"start":{"line":310,"column":16},"end":{"line":335,"column":23}}],"line":309}},"s":{"0":1,"1":23,"2":23,"3":23,"4":23,"5":23,"6":23,"7":23,"8":23,"9":23,"10":9,"11":9,"12":9,"13":9,"14":9,"15":8,"16":1,"17":0,"18":0,"19":9,"20":23,"21":9,"22":9,"23":9,"24":0,"25":23,"26":2,"27":2,"28":2,"29":2,"30":0,"31":23,"32":1,"33":0,"34":1,"35":1,"36":1,"37":1,"38":1,"39":0,"40":0,"41":0,"42":0,"43":1,"44":23,"45":1,"46":1,"47":1,"48":1,"49":1,"50":0,"51":0,"52":0,"53":0,"54":0,"55":0,"56":0,"57":1,"58":23,"59":1,"60":0,"61":23,"62":13,"63":0,"64":0,"65":13,"66":0,"67":0,"68":23,"69":9,"70":9,"71":23,"72":9,"73":14,"74":1,"75":13,"76":0,"77":13,"78":26,"79":13,"80":26,"81":13,"82":26,"83":13,"84":1,"85":0,"86":2,"87":1},"f":{"0":23,"1":9,"2":9,"3":2,"4":1,"5":0,"6":1,"7":0,"8":0,"9":1,"10":0,"11":13,"12":9,"13":26,"14":26,"15":26,"16":1,"17":0,"18":2,"19":1},"b":{"0":[8,1],"1":[1,0],"2":[9,0],"3":[0,1],"4":[1,0],"5":[0,0],"6":[0,0],"7":[1,0],"8":[0,0],"9":[0,0],"10":[0,0],"11":[0,0,13,0,0],"12":[9,14],"13":[23,10],"14":[1,13],"15":[0,13],"16":[13,13],"17":[13,13],"18":[13,13],"19":[2,0],"20":[13,13],"21":[13,2]},"_coverageSchema":"1a1c01bbd47fc00a2c39e90264f33305004495a9","hash":"32f00c303dd7cbb6797b243d9a4ad5b34e353638"}
,"/Users/miyaichi/adstxt-manager/frontend/src/components/requests/RequestItem.tsx": {"path":"/Users/miyaichi/adstxt-manager/frontend/src/components/requests/RequestItem.tsx","statementMap":{"0":{"start":{"line":17,"column":48},"end":{"line":80,"column":1}},"1":{"start":{"line":18,"column":24},"end":{"line":18,"column":69}},"2":{"start":{"line":20,"column":25},"end":{"line":33,"column":3}},"3":{"start":{"line":21,"column":4},"end":{"line":32,"column":5}},"4":{"start":{"line":23,"column":8},"end":{"line":23,"column":55}},"5":{"start":{"line":25,"column":8},"end":{"line":25,"column":51}},"6":{"start":{"line":27,"column":8},"end":{"line":27,"column":54}},"7":{"start":{"line":29,"column":8},"end":{"line":29,"column":52}},"8":{"start":{"line":31,"column":8},"end":{"line":31,"column":39}},"9":{"start":{"line":35,"column":2},"end":{"line":79,"column":4}}},"fnMap":{"0":{"name":"(anonymous_0)","decl":{"start":{"line":17,"column":48},"end":{"line":17,"column":49}},"loc":{"start":{"line":17,"column":65},"end":{"line":80,"column":1}},"line":17},"1":{"name":"(anonymous_1)","decl":{"start":{"line":20,"column":25},"end":{"line":20,"column":26}},"loc":{"start":{"line":20,"column":45},"end":{"line":33,"column":3}},"line":20}},"branchMap":{"0":{"loc":{"start":{"line":21,"column":4},"end":{"line":32,"column":5}},"type":"switch","locations":[{"start":{"line":22,"column":6},"end":{"line":23,"column":55}},{"start":{"line":24,"column":6},"end":{"line":25,"column":51}},{"start":{"line":26,"column":6},"end":{"line":27,"column":54}},{"start":{"line":28,"column":6},"end":{"line":29,"column":52}},{"start":{"line":30,"column":6},"end":{"line":31,"column":39}}],"line":21},"1":{"loc":{"start":{"line":49,"column":13},"end":{"line":49,"column":76}},"type":"binary-expr","locations":[{"start":{"line":49,"column":13},"end":{"line":49,"column":35}},{"start":{"line":49,"column":39},"end":{"line":49,"column":76}}],"line":49},"2":{"loc":{"start":{"line":50,"column":13},"end":{"line":50,"column":80}},"type":"binary-expr","locations":[{"start":{"line":50,"column":13},"end":{"line":50,"column":37}},{"start":{"line":50,"column":41},"end":{"line":50,"column":80}}],"line":50}},"s":{"0":1,"1":3,"2":3,"3":3,"4":1,"5":1,"6":1,"7":0,"8":0,"9":3},"f":{"0":3,"1":3},"b":{"0":[1,1,1,0,0],"1":[3,3],"2":[3,3]},"_coverageSchema":"1a1c01bbd47fc00a2c39e90264f33305004495a9","hash":"9e4737ce9f437d0be063239f123e0f3d34c1569e"}
,"/Users/miyaichi/adstxt-manager/frontend/src/hooks/index.ts": {"path":"/Users/miyaichi/adstxt-manager/frontend/src/hooks/index.ts","statementMap":{"0":{"start":{"line":4,"column":28},"end":{"line":25,"column":1}},"1":{"start":{"line":5,"column":30},"end":{"line":5,"column":55}},"2":{"start":{"line":7,"column":23},"end":{"line":13,"column":3}},"3":{"start":{"line":8,"column":28},"end":{"line":8,"column":36}},"4":{"start":{"line":9,"column":4},"end":{"line":12,"column":8}},"5":{"start":{"line":9,"column":23},"end":{"line":12,"column":5}},"6":{"start":{"line":15,"column":16},"end":{"line":17,"column":3}},"7":{"start":{"line":16,"column":4},"end":{"line":16,"column":28}},"8":{"start":{"line":19,"column":2},"end":{"line":24,"column":4}},"9":{"start":{"line":28,"column":24},"end":{"line":60,"column":1}},"10":{"start":{"line":29,"column":26},"end":{"line":29,"column":50}},"11":{"start":{"line":30,"column":32},"end":{"line":30,"column":51}},"12":{"start":{"line":31,"column":28},"end":{"line":31,"column":56}},"13":{"start":{"line":33,"column":18},"end":{"line":46,"column":3}},"14":{"start":{"line":34,"column":4},"end":{"line":45,"column":5}},"15":{"start":{"line":35,"column":6},"end":{"line":35,"column":23}},"16":{"start":{"line":36,"column":6},"end":{"line":36,"column":21}},"17":{"start":{"line":37,"column":21},"end":{"line":37,"column":36}},"18":{"start":{"line":38,"column":6},"end":{"line":38,"column":22}},"19":{"start":{"line":39,"column":6},"end":{"line":39,"column":20}},"20":{"start":{"line":41,"column":6},"end":{"line":41,"column":29}},"21":{"start":{"line":42,"column":6},"end":{"line":42,"column":16}},"22":{"start":{"line":44,"column":6},"end":{"line":44,"column":24}},"23":{"start":{"line":48,"column":2},"end":{"line":52,"column":9}},"24":{"start":{"line":49,"column":4},"end":{"line":51,"column":5}},"25":{"start":{"line":50,"column":6},"end":{"line":50,"column":16}},"26":{"start":{"line":54,"column":2},"end":{"line":59,"column":4}},"27":{"start":{"line":63,"column":31},"end":{"line":86,"column":1}},"28":{"start":{"line":64,"column":40},"end":{"line":72,"column":4}},"29":{"start":{"line":65,"column":4},"end":{"line":71,"column":5}},"30":{"start":{"line":66,"column":19},"end":{"line":66,"column":51}},"31":{"start":{"line":67,"column":6},"end":{"line":67,"column":52}},"32":{"start":{"line":69,"column":6},"end":{"line":69,"column":27}},"33":{"start":{"line":70,"column":6},"end":{"line":70,"column":26}},"34":{"start":{"line":74,"column":19},"end":{"line":83,"column":3}},"35":{"start":{"line":75,"column":4},"end":{"line":82,"column":5}},"36":{"start":{"line":77,"column":8},"end":{"line":77,"column":62}},"37":{"start":{"line":78,"column":6},"end":{"line":78,"column":35}},"38":{"start":{"line":79,"column":6},"end":{"line":79,"column":69}},"39":{"start":{"line":81,"column":6},"end":{"line":81,"column":27}},"40":{"start":{"line":85,"column":2},"end":{"line":85,"column":42}}},"fnMap":{"0":{"name":"(anonymous_0)","decl":{"start":{"line":4,"column":28},"end":{"line":4,"column":29}},"loc":{"start":{"line":4,"column":52},"end":{"line":25,"column":1}},"line":4},"1":{"name":"(anonymous_1)","decl":{"start":{"line":7,"column":23},"end":{"line":7,"column":24}},"loc":{"start":{"line":7,"column":89},"end":{"line":13,"column":3}},"line":7},"2":{"name":"(anonymous_2)","decl":{"start":{"line":9,"column":14},"end":{"line":9,"column":15}},"loc":{"start":{"line":9,"column":23},"end":{"line":12,"column":5}},"line":9},"3":{"name":"(anonymous_3)","decl":{"start":{"line":15,"column":16},"end":{"line":15,"column":17}},"loc":{"start":{"line":15,"column":22},"end":{"line":17,"column":3}},"line":15},"4":{"name":"(anonymous_4)","decl":{"start":{"line":28,"column":24},"end":{"line":28,"column":25}},"loc":{"start":{"line":28,"column":76},"end":{"line":60,"column":1}},"line":28},"5":{"name":"(anonymous_5)","decl":{"start":{"line":33,"column":18},"end":{"line":33,"column":19}},"loc":{"start":{"line":33,"column":30},"end":{"line":46,"column":3}},"line":33},"6":{"name":"(anonymous_6)","decl":{"start":{"line":48,"column":12},"end":{"line":48,"column":13}},"loc":{"start":{"line":48,"column":18},"end":{"line":52,"column":3}},"line":48},"7":{"name":"(anonymous_7)","decl":{"start":{"line":63,"column":31},"end":{"line":63,"column":32}},"loc":{"start":{"line":63,"column":68},"end":{"line":86,"column":1}},"line":63},"8":{"name":"(anonymous_8)","decl":{"start":{"line":64,"column":52},"end":{"line":64,"column":53}},"loc":{"start":{"line":64,"column":58},"end":{"line":72,"column":3}},"line":64},"9":{"name":"(anonymous_9)","decl":{"start":{"line":74,"column":19},"end":{"line":74,"column":20}},"loc":{"start":{"line":74,"column":51},"end":{"line":83,"column":3}},"line":74}},"branchMap":{"0":{"loc":{"start":{"line":28,"column":55},"end":{"line":28,"column":71}},"type":"default-arg","locations":[{"start":{"line":28,"column":67},"end":{"line":28,"column":71}}],"line":28},"1":{"loc":{"start":{"line":49,"column":4},"end":{"line":51,"column":5}},"type":"if","locations":[{"start":{"line":49,"column":4},"end":{"line":51,"column":5}},{"start":{},"end":{}}],"line":49},"2":{"loc":{"start":{"line":67,"column":13},"end":{"line":67,"column":51}},"type":"cond-expr","locations":[{"start":{"line":67,"column":20},"end":{"line":67,"column":36}},{"start":{"line":67,"column":39},"end":{"line":67,"column":51}}],"line":67},"3":{"loc":{"start":{"line":77,"column":8},"end":{"line":77,"column":62}},"type":"cond-expr","locations":[{"start":{"line":77,"column":36},"end":{"line":77,"column":54}},{"start":{"line":77,"column":57},"end":{"line":77,"column":62}}],"line":77}},"s":{"0":3,"1":6,"2":6,"3":1,"4":1,"5":1,"6":6,"7":1,"8":6,"9":3,"10":8,"11":8,"12":8,"13":8,"14":3,"15":3,"16":3,"17":3,"18":2,"19":2,"20":1,"21":1,"22":3,"23":8,"24":3,"25":1,"26":8,"27":3,"28":8,"29":5,"30":5,"31":5,"32":0,"33":0,"34":8,"35":3,"36":3,"37":3,"38":3,"39":1,"40":8},"f":{"0":6,"1":1,"2":1,"3":1,"4":8,"5":3,"6":3,"7":8,"8":5,"9":3},"b":{"0":[0],"1":[1,2],"2":[1,4],"3":[1,2]},"_coverageSchema":"1a1c01bbd47fc00a2c39e90264f33305004495a9","hash":"9761a50814b5d5c3e7ccbdd432f7ed327a0dac82"}
,"/Users/miyaichi/adstxt-manager/frontend/src/models/index.ts": {"path":"/Users/miyaichi/adstxt-manager/frontend/src/models/index.ts","statementMap":{},"fnMap":{},"branchMap":{},"s":{},"f":{},"b":{}}
}
