TN:
SF:src/api/index.ts
FN:33,(anonymous_0)
FN:63,(anonymous_1)
FN:69,(anonymous_2)
FN:78,(anonymous_3)
FN:88,(anonymous_4)
FN:101,(anonymous_5)
FN:107,(anonymous_6)
FN:116,(anonymous_7)
FN:125,(anonymous_8)
FN:138,(anonymous_9)
FN:144,(anonymous_10)
FNF:11
FNH:0
FNDA:0,(anonymous_0)
FNDA:0,(anonymous_1)
FNDA:0,(anonymous_2)
FNDA:0,(anonymous_3)
FNDA:0,(anonymous_4)
FNDA:0,(anonymous_5)
FNDA:0,(anonymous_6)
FNDA:0,(anonymous_7)
FNDA:0,(anonymous_8)
FNDA:0,(anonymous_9)
FNDA:0,(anonymous_10)
DA:23,0
DA:31,0
DA:34,0
DA:35,0
DA:36,0
DA:37,0
DA:39,0
DA:40,0
DA:43,0
DA:44,0
DA:48,0
DA:49,0
DA:50,0
DA:51,0
DA:54,0
DA:59,0
DA:64,0
DA:65,0
DA:70,0
DA:74,0
DA:79,0
DA:84,0
DA:89,0
DA:93,0
DA:94,0
DA:99,0
DA:102,0
DA:103,0
DA:108,0
DA:109,0
DA:114,0
DA:117,0
DA:121,0
DA:126,0
DA:127,0
DA:129,0
DA:134,0
DA:139,0
DA:140,0
DA:145,0
DA:148,0
LF:41
LH:0
BRDA:39,0,0,0
BRDA:39,0,1,0
BRDA:43,1,0,0
BRDA:43,1,1,0
BRDA:48,2,0,0
BRDA:48,2,1,0
BRDA:50,3,0,0
BRDA:50,3,1,0
BRDA:89,4,0,0
BRDA:89,4,1,0
BRF:10
BRH:0
end_of_record
TN:
SF:src/components/adsTxt/AdsTxtRecordItem.tsx
FN:19,(anonymous_0)
FN:28,(anonymous_1)
FN:41,(anonymous_2)
FN:47,(anonymous_3)
FNF:4
FNH:4
FNDA:3,(anonymous_0)
FNDA:3,(anonymous_1)
FNDA:1,(anonymous_2)
FNDA:1,(anonymous_3)
DA:19,1
DA:26,3
DA:28,3
DA:29,3
DA:31,0
DA:33,0
DA:35,3
DA:37,0
DA:41,3
DA:42,1
DA:43,1
DA:47,3
DA:48,1
DA:49,1
DA:53,3
LF:15
LH:12
BRDA:21,0,0,3
BRDA:23,1,0,1
BRDA:29,2,0,0
BRDA:29,2,1,0
BRDA:29,2,2,3
BRDA:29,2,3,0
BRDA:42,3,0,1
BRDA:42,3,1,0
BRDA:48,4,0,1
BRDA:48,4,1,0
BRDA:71,5,0,3
BRDA:71,5,1,3
BRDA:78,6,0,3
BRDA:78,6,1,0
BRDA:78,6,2,0
BRDA:80,7,0,0
BRDA:80,7,1,0
BRDA:93,8,0,3
BRDA:93,8,1,2
BRDA:95,9,0,2
BRDA:95,9,1,2
BRDA:104,10,0,2
BRDA:104,10,1,2
BRF:23
BRH:14
end_of_record
TN:
SF:src/components/adsTxt/AdsTxtRecordList.tsx
FN:14,(anonymous_0)
FN:26,(anonymous_1)
FN:57,(anonymous_2)
FN:67,(anonymous_3)
FN:81,(anonymous_4)
FN:81,(anonymous_5)
FN:82,(anonymous_6)
FN:82,(anonymous_7)
FN:83,(anonymous_8)
FNF:9
FNH:6
FNDA:10,(anonymous_0)
FNDA:55,(anonymous_1)
FNDA:2,(anonymous_2)
FNDA:32,(anonymous_3)
FNDA:1,(anonymous_4)
FNDA:1,(anonymous_5)
FNDA:0,(anonymous_6)
FNDA:0,(anonymous_7)
FNDA:0,(anonymous_8)
DA:14,1
DA:21,10
DA:22,10
DA:23,10
DA:26,10
DA:27,55
DA:28,55
DA:39,10
DA:40,10
DA:41,10
DA:42,10
DA:44,10
DA:57,2
DA:68,32
DA:81,1
DA:82,0
DA:83,0
LF:17
LH:15
BRDA:16,0,0,9
BRDA:18,1,0,9
BRDA:19,2,0,9
BRDA:29,3,0,55
BRDA:29,3,1,5
BRDA:29,3,2,5
BRDA:29,3,3,5
BRDA:29,3,4,1
BRDA:29,3,5,5
BRDA:49,4,0,1
BRDA:49,4,1,9
BRDA:61,5,0,1
BRDA:61,5,1,8
BRDA:77,6,0,8
BRDA:77,6,1,2
BRDA:83,7,0,0
BRDA:83,7,1,0
BRF:17
BRH:15
end_of_record
TN:
SF:src/components/common/ErrorMessage.tsx
FN:11,(anonymous_0)
FNF:1
FNH:1
FNDA:3,(anonymous_0)
DA:11,1
DA:16,3
LF:2
LH:2
BRDA:12,0,0,2
BRDA:14,1,0,2
BRDA:26,2,0,3
BRDA:26,2,1,2
BRF:4
BRH:4
end_of_record
TN:
SF:src/components/common/Header.tsx
FN:10,(anonymous_0)
FNF:1
FNH:1
FNDA:2,(anonymous_0)
DA:10,1
DA:11,2
DA:13,2
LF:3
LH:3
BRF:0
BRH:0
end_of_record
TN:
SF:src/components/messages/MessageForm.tsx
FN:19,(anonymous_0)
FN:26,(anonymous_1)
FN:85,(anonymous_2)
FN:94,(anonymous_3)
FNF:4
FNH:0
FNDA:0,(anonymous_0)
FNDA:0,(anonymous_1)
FNDA:0,(anonymous_2)
FNDA:0,(anonymous_3)
DA:19,0
DA:20,0
DA:21,0
DA:22,0
DA:23,0
DA:24,0
DA:26,0
DA:27,0
DA:29,0
DA:30,0
DA:31,0
DA:34,0
DA:35,0
DA:36,0
DA:37,0
DA:39,0
DA:46,0
DA:47,0
DA:48,0
DA:50,0
DA:51,0
DA:54,0
DA:57,0
DA:58,0
DA:60,0
DA:64,0
DA:85,0
DA:94,0
LF:28
LH:0
BRDA:29,0,0,0
BRDA:29,0,1,0
BRDA:29,1,0,0
BRDA:29,1,1,0
BRDA:46,2,0,0
BRDA:46,2,1,0
BRDA:50,3,0,0
BRDA:50,3,1,0
BRDA:54,4,0,0
BRDA:54,4,1,0
BRDA:70,5,0,0
BRDA:70,5,1,0
BRDA:76,6,0,0
BRDA:76,6,1,0
BRDA:105,7,0,0
BRDA:105,7,1,0
BRF:16
BRH:0
end_of_record
TN:
SF:src/components/messages/MessageList.tsx
FN:20,(anonymous_0)
FN:25,(anonymous_1)
FN:31,(anonymous_2)
FN:79,(anonymous_3)
FNF:4
FNH:0
FNDA:0,(anonymous_0)
FNDA:0,(anonymous_1)
FNDA:0,(anonymous_2)
FNDA:0,(anonymous_3)
DA:20,0
DA:21,0
DA:22,0
DA:23,0
DA:25,0
DA:26,0
DA:27,0
DA:28,0
DA:31,0
DA:32,0
DA:33,0
DA:34,0
DA:36,0
DA:38,0
DA:39,0
DA:41,0
DA:44,0
DA:45,0
DA:47,0
DA:51,0
DA:54,0
DA:55,0
DA:62,0
DA:63,0
DA:70,0
DA:80,0
LF:26
LH:0
BRDA:21,0,0,0
BRDA:21,0,1,0
BRDA:26,1,0,0
BRDA:26,1,1,0
BRDA:38,2,0,0
BRDA:38,2,1,0
BRDA:41,3,0,0
BRDA:41,3,1,0
BRDA:54,4,0,0
BRDA:54,4,1,0
BRDA:62,5,0,0
BRDA:62,5,1,0
BRDA:75,6,0,0
BRDA:75,6,1,0
BRF:14
BRH:0
end_of_record
TN:
SF:src/components/requests/RequestDetail.tsx
FN:29,(anonymous_0)
FN:39,(anonymous_1)
FN:59,(anonymous_2)
FN:70,(anonymous_3)
FN:80,(anonymous_4)
FN:90,(anonymous_5)
FN:108,(anonymous_6)
FN:116,(anonymous_7)
FN:121,(anonymous_8)
FN:139,(anonymous_9)
FN:140,(anonymous_10)
FN:143,(anonymous_11)
FN:158,(anonymous_12)
FN:187,(anonymous_13)
FN:188,(anonymous_14)
FN:189,(anonymous_15)
FN:268,(anonymous_16)
FN:276,(anonymous_17)
FN:290,(anonymous_18)
FN:320,(anonymous_19)
FNF:20
FNH:15
FNDA:23,(anonymous_0)
FNDA:9,(anonymous_1)
FNDA:9,(anonymous_2)
FNDA:2,(anonymous_3)
FNDA:1,(anonymous_4)
FNDA:0,(anonymous_5)
FNDA:1,(anonymous_6)
FNDA:0,(anonymous_7)
FNDA:0,(anonymous_8)
FNDA:1,(anonymous_9)
FNDA:0,(anonymous_10)
FNDA:13,(anonymous_11)
FNDA:9,(anonymous_12)
FNDA:26,(anonymous_13)
FNDA:26,(anonymous_14)
FNDA:26,(anonymous_15)
FNDA:1,(anonymous_16)
FNDA:0,(anonymous_17)
FNDA:2,(anonymous_18)
FNDA:1,(anonymous_19)
DA:29,1
DA:30,23
DA:31,23
DA:32,23
DA:33,23
DA:34,23
DA:35,23
DA:36,23
DA:37,23
DA:39,23
DA:40,9
DA:41,9
DA:42,9
DA:44,9
DA:46,9
DA:47,8
DA:49,1
DA:52,0
DA:53,0
DA:55,9
DA:59,23
DA:60,9
DA:61,9
DA:62,9
DA:66,0
DA:70,23
DA:71,2
DA:72,2
DA:73,2
DA:74,2
DA:76,0
DA:80,23
DA:81,1
DA:83,1
DA:84,1
DA:86,1
DA:88,1
DA:90,1
DA:98,0
DA:101,0
DA:102,0
DA:104,1
DA:108,23
DA:109,1
DA:110,1
DA:112,1
DA:114,1
DA:116,1
DA:117,0
DA:119,0
DA:122,0
DA:129,0
DA:132,0
DA:133,0
DA:135,1
DA:139,23
DA:140,1
DA:143,23
DA:144,13
DA:146,0
DA:148,0
DA:150,13
DA:152,0
DA:154,0
DA:158,23
DA:159,9
DA:160,9
DA:163,23
DA:164,9
DA:171,14
DA:172,1
DA:179,13
DA:180,0
DA:187,26
DA:188,26
DA:189,26
DA:191,13
DA:268,1
DA:276,0
DA:290,2
DA:321,1
LF:81
LH:62
BRDA:46,0,0,8
BRDA:46,0,1,1
BRDA:49,1,0,1
BRDA:49,1,1,0
BRDA:62,2,0,9
BRDA:62,2,1,0
BRDA:81,3,0,0
BRDA:81,3,1,1
BRDA:88,4,0,1
BRDA:88,4,1,0
BRDA:90,5,0,0
BRDA:90,5,1,0
BRDA:98,6,0,0
BRDA:98,6,1,0
BRDA:114,7,0,1
BRDA:114,7,1,0
BRDA:117,8,0,0
BRDA:117,8,1,0
BRDA:122,9,0,0
BRDA:122,9,1,0
BRDA:129,10,0,0
BRDA:129,10,1,0
BRDA:144,11,0,0
BRDA:144,11,1,0
BRDA:144,11,2,13
BRDA:144,11,3,0
BRDA:144,11,4,0
BRDA:163,12,0,9
BRDA:163,12,1,14
BRDA:163,13,0,23
BRDA:163,13,1,10
BRDA:171,14,0,1
BRDA:171,14,1,13
BRDA:179,15,0,0
BRDA:179,15,1,13
BRDA:210,16,0,13
BRDA:210,16,1,13
BRDA:215,17,0,13
BRDA:215,17,1,13
BRDA:264,18,0,13
BRDA:264,18,1,13
BRDA:290,19,0,2
BRDA:290,19,1,0
BRDA:300,20,0,13
BRDA:300,20,1,13
BRDA:309,21,0,13
BRDA:309,21,1,2
BRF:47
BRH:26
end_of_record
TN:
SF:src/components/requests/RequestItem.tsx
FN:17,(anonymous_0)
FN:20,(anonymous_1)
FNF:2
FNH:2
FNDA:3,(anonymous_0)
FNDA:3,(anonymous_1)
DA:17,1
DA:18,3
DA:20,3
DA:21,3
DA:23,1
DA:25,1
DA:27,1
DA:29,0
DA:31,0
DA:35,3
LF:10
LH:8
BRDA:21,0,0,1
BRDA:21,0,1,1
BRDA:21,0,2,1
BRDA:21,0,3,0
BRDA:21,0,4,0
BRDA:49,1,0,3
BRDA:49,1,1,3
BRDA:50,2,0,3
BRDA:50,2,1,3
BRF:9
BRH:7
end_of_record
TN:
SF:src/hooks/index.ts
FN:4,(anonymous_0)
FN:7,(anonymous_1)
FN:9,(anonymous_2)
FN:15,(anonymous_3)
FN:28,(anonymous_4)
FN:33,(anonymous_5)
FN:48,(anonymous_6)
FN:63,(anonymous_7)
FN:64,(anonymous_8)
FN:74,(anonymous_9)
FNF:10
FNH:10
FNDA:6,(anonymous_0)
FNDA:1,(anonymous_1)
FNDA:1,(anonymous_2)
FNDA:1,(anonymous_3)
FNDA:8,(anonymous_4)
FNDA:3,(anonymous_5)
FNDA:3,(anonymous_6)
FNDA:8,(anonymous_7)
FNDA:5,(anonymous_8)
FNDA:3,(anonymous_9)
DA:4,3
DA:5,6
DA:7,6
DA:8,1
DA:9,1
DA:15,6
DA:16,1
DA:19,6
DA:28,3
DA:29,8
DA:30,8
DA:31,8
DA:33,8
DA:34,3
DA:35,3
DA:36,3
DA:37,3
DA:38,2
DA:39,2
DA:41,1
DA:42,1
DA:44,3
DA:48,8
DA:49,3
DA:50,1
DA:54,8
DA:63,3
DA:64,8
DA:65,5
DA:66,5
DA:67,5
DA:69,0
DA:70,0
DA:74,8
DA:75,3
DA:77,3
DA:78,3
DA:79,3
DA:81,1
DA:85,8
LF:40
LH:38
BRDA:28,0,0,0
BRDA:49,1,0,1
BRDA:49,1,1,2
BRDA:67,2,0,1
BRDA:67,2,1,4
BRDA:77,3,0,1
BRDA:77,3,1,2
BRF:7
BRH:6
end_of_record
TN:
SF:src/models/index.ts
FNF:0
FNH:0
LF:0
LH:0
BRF:0
BRH:0
end_of_record
