TN:
SF:src/app.ts
FN:23,(anonymous_1)
FN:33,(anonymous_2)
FN:36,(anonymous_3)
FNF:3
FNH:0
FNDA:0,(anonymous_1)
FNDA:0,(anonymous_2)
FNDA:0,(anonymous_3)
DA:1,0
DA:2,0
DA:3,0
DA:4,0
DA:5,0
DA:6,0
DA:9,0
DA:12,0
DA:15,0
DA:16,0
DA:17,0
DA:20,0
DA:23,0
DA:24,0
DA:28,0
DA:29,0
DA:32,0
DA:34,0
DA:37,0
DA:38,0
DA:41,0
LF:21
LH:0
BRF:0
BRH:0
end_of_record
TN:
SF:src/__tests__/setup.ts
FN:11,(anonymous_1)
FN:17,(anonymous_2)
FNF:2
FNH:0
FNDA:0,(anonymous_1)
FNDA:0,(anonymous_2)
DA:2,0
DA:5,0
DA:8,0
DA:11,0
DA:13,0
DA:17,0
DA:22,0
LF:7
LH:0
BRF:0
BRH:0
end_of_record
TN:
SF:src/__tests__/testDatabase.ts
FN:14,(anonymous_1)
FN:15,(anonymous_2)
FN:16,(anonymous_3)
FN:30,(anonymous_4)
FN:47,(anonymous_5)
FN:69,(anonymous_6)
FN:82,(anonymous_7)
FN:83,(anonymous_8)
FN:84,(anonymous_9)
FN:85,(anonymous_10)
FN:92,(anonymous_11)
FN:99,(anonymous_12)
FNF:12
FNH:12
FNDA:10,(anonymous_1)
FNDA:10,(anonymous_2)
FNDA:10,(anonymous_3)
FNDA:3,(anonymous_4)
FNDA:3,(anonymous_5)
FNDA:3,(anonymous_6)
FNDA:103,(anonymous_7)
FNDA:103,(anonymous_8)
FNDA:103,(anonymous_9)
FNDA:15,(anonymous_10)
FNDA:15,(anonymous_11)
FNDA:15,(anonymous_12)
DA:5,16
DA:8,16
DA:11,16
DA:14,16
DA:15,10
DA:16,10
DA:18,10
DA:31,3
DA:32,0
DA:33,0
DA:38,10
DA:48,3
DA:49,0
DA:50,0
DA:55,10
DA:70,3
DA:71,0
DA:72,0
DA:76,10
DA:82,16
DA:83,103
DA:84,103
DA:85,103
DA:86,15
DA:87,0
DA:88,0
DA:92,103
DA:93,15
DA:94,0
DA:95,0
DA:99,103
DA:100,15
DA:101,0
DA:102,0
DA:106,103
DA:111,16
LF:36
LH:24
BRDA:31,0,0,0
BRDA:48,1,0,0
BRDA:70,2,0,0
BRDA:86,3,0,0
BRDA:93,4,0,0
BRDA:100,5,0,0
BRF:6
BRH:0
end_of_record
TN:
SF:src/__tests__/mocks/emailService.ts
FNF:0
FNH:0
DA:3,0
DA:5,0
DA:13,0
LF:3
LH:0
BRF:0
BRH:0
end_of_record
TN:
SF:src/controllers/adsTxtController.ts
FN:11,(anonymous_1)
FN:54,(anonymous_2)
FN:71,(anonymous_3)
FN:72,(anonymous_4)
FN:85,(anonymous_5)
FN:113,(anonymous_6)
FN:130,(anonymous_7)
FN:136,(anonymous_8)
FNF:8
FNH:8
FNDA:4,(anonymous_1)
FNDA:3,(anonymous_2)
FNDA:2,(anonymous_3)
FNDA:2,(anonymous_4)
FNDA:3,(anonymous_5)
FNDA:3,(anonymous_6)
FNDA:3,(anonymous_7)
FNDA:2,(anonymous_8)
DA:2,1
DA:3,1
DA:4,1
DA:5,1
DA:11,1
DA:12,4
DA:13,4
DA:15,4
DA:16,1
DA:19,3
DA:20,1
DA:24,2
DA:26,2
DA:27,1
DA:31,1
DA:33,1
DA:34,0
DA:38,1
DA:40,1
DA:41,0
DA:44,1
DA:54,1
DA:55,3
DA:56,1
DA:59,2
DA:60,2
DA:61,2
DA:64,2
DA:66,1
DA:71,2
DA:72,2
DA:76,1
DA:77,1
DA:85,1
DA:86,3
DA:87,3
DA:89,3
DA:90,1
DA:94,2
DA:96,2
DA:97,1
DA:101,1
DA:103,1
DA:113,1
DA:114,3
DA:115,3
DA:117,3
DA:118,1
DA:122,2
DA:124,2
DA:125,1
DA:129,1
DA:130,3
DA:133,1
DA:134,1
DA:136,1
DA:137,2
DA:138,2
DA:139,1
DA:141,2
DA:145,1
DA:146,1
DA:148,1
LF:63
LH:61
BRDA:15,0,0,1
BRDA:15,1,0,4
BRDA:15,1,1,3
BRDA:19,2,0,1
BRDA:19,3,0,3
BRDA:19,3,1,3
BRDA:26,4,0,1
BRDA:33,5,0,0
BRDA:40,6,0,0
BRDA:55,7,0,1
BRDA:76,8,0,1
BRDA:76,8,1,0
BRDA:89,9,0,1
BRDA:89,10,0,3
BRDA:89,10,1,2
BRDA:96,11,0,1
BRDA:117,12,0,1
BRDA:117,13,0,3
BRDA:117,13,1,2
BRDA:124,14,0,1
BRDA:138,15,0,1
BRF:21
BRH:18
end_of_record
TN:
SF:src/controllers/messageController.ts
FN:12,(anonymous_1)
FN:74,(anonymous_2)
FNF:2
FNH:2
FNDA:6,(anonymous_1)
FNDA:3,(anonymous_2)
DA:2,1
DA:3,1
DA:4,1
DA:5,1
DA:6,1
DA:12,1
DA:13,6
DA:16,6
DA:17,1
DA:21,5
DA:22,1
DA:26,4
DA:28,4
DA:29,1
DA:33,3
DA:39,3
DA:42,3
DA:44,3
DA:49,3
DA:53,3
DA:60,1
DA:64,3
DA:74,1
DA:75,3
DA:76,3
DA:78,2
DA:79,0
DA:83,2
DA:85,2
DA:86,1
DA:90,1
DA:92,1
LF:32
LH:31
BRDA:16,0,0,1
BRDA:16,1,0,6
BRDA:16,1,1,6
BRDA:16,1,2,6
BRDA:16,1,3,5
BRDA:21,2,0,1
BRDA:28,3,0,1
BRDA:44,4,0,1
BRDA:44,4,1,2
BRDA:49,5,0,1
BRDA:49,5,1,2
BRDA:50,6,0,1
BRDA:50,6,1,0
BRDA:78,7,0,0
BRDA:78,8,0,2
BRDA:78,8,1,2
BRDA:85,9,0,1
BRF:17
BRH:15
end_of_record
TN:
SF:src/controllers/requestController.ts
FN:12,(anonymous_1)
FN:52,(anonymous_2)
FN:59,(anonymous_3)
FN:73,(anonymous_4)
FN:122,(anonymous_5)
FN:152,(anonymous_6)
FN:183,(anonymous_7)
FN:184,(anonymous_8)
FN:212,(anonymous_9)
FN:248,(anonymous_10)
FNF:10
FNH:10
FNDA:7,(anonymous_1)
FNDA:1,(anonymous_2)
FNDA:1,(anonymous_3)
FNDA:1,(anonymous_4)
FNDA:4,(anonymous_5)
FNDA:7,(anonymous_6)
FNDA:1,(anonymous_7)
FNDA:1,(anonymous_8)
FNDA:5,(anonymous_9)
FNDA:5,(anonymous_10)
DA:2,1
DA:3,1
DA:4,1
DA:5,1
DA:6,1
DA:12,1
DA:13,7
DA:16,7
DA:17,1
DA:21,6
DA:22,1
DA:26,5
DA:27,1
DA:31,4
DA:39,4
DA:42,4
DA:44,4
DA:46,3
DA:47,3
DA:48,3
DA:51,3
DA:52,2
DA:54,2
DA:55,1
DA:59,1
DA:68,2
DA:69,2
DA:71,1
DA:73,1
DA:84,2
DA:87,2
DA:88,2
DA:105,0
DA:109,2
DA:122,1
DA:123,4
DA:124,4
DA:126,4
DA:127,2
DA:130,2
DA:132,2
DA:133,1
DA:137,1
DA:139,1
DA:152,1
DA:153,7
DA:154,7
DA:156,7
DA:157,1
DA:160,6
DA:161,1
DA:165,5
DA:167,5
DA:168,1
DA:172,4
DA:174,4
DA:175,1
DA:179,3
DA:180,2
DA:181,2
DA:183,1
DA:184,1
DA:189,3
DA:191,3
DA:198,1
DA:202,3
DA:212,1
DA:213,5
DA:214,5
DA:216,5
DA:217,1
DA:220,4
DA:221,1
DA:225,3
DA:227,3
DA:228,1
DA:232,2
DA:234,2
DA:235,1
DA:238,1
DA:248,1
DA:249,5
DA:250,5
DA:252,5
DA:253,1
DA:257,4
DA:258,2
DA:259,2
DA:260,1
DA:263,1
DA:264,1
DA:265,1
DA:268,3
LF:93
LH:92
BRDA:16,0,0,1
BRDA:16,1,0,7
BRDA:16,1,1,6
BRDA:16,1,2,6
BRDA:21,2,0,1
BRDA:21,3,0,6
BRDA:21,3,1,5
BRDA:26,4,0,1
BRDA:26,5,0,5
BRDA:26,5,1,2
BRDA:26,5,2,1
BRDA:26,5,3,1
BRDA:44,6,0,3
BRDA:44,6,1,1
BRDA:54,7,0,1
BRDA:68,8,0,2
BRDA:68,8,1,0
BRDA:71,9,0,1
BRDA:79,10,0,1
BRDA:79,10,1,0
BRDA:126,11,0,2
BRDA:126,12,0,4
BRDA:126,12,1,3
BRDA:132,13,0,1
BRDA:156,14,0,1
BRDA:156,15,0,7
BRDA:156,15,1,6
BRDA:160,16,0,1
BRDA:160,17,0,6
BRDA:160,17,1,6
BRDA:167,18,0,1
BRDA:174,19,0,1
BRDA:179,20,0,2
BRDA:216,21,0,1
BRDA:216,22,0,5
BRDA:216,22,1,4
BRDA:220,23,0,1
BRDA:220,24,0,4
BRDA:220,24,1,3
BRDA:227,25,0,1
BRDA:234,26,0,1
BRDA:252,27,0,1
BRDA:257,28,0,2
BRDA:257,28,1,2
BRDA:259,29,0,1
BRDA:259,29,1,1
BRF:46
BRH:44
end_of_record
TN:
SF:src/db/migrations/run.ts
FN:8,runMigrations
FN:16,(anonymous_2)
FN:17,(anonymous_3)
FN:20,(anonymous_4)
FN:22,(anonymous_5)
FN:24,(anonymous_6)
FNF:6
FNH:5
FNDA:2,runMigrations
FNDA:2,(anonymous_2)
FNDA:2,(anonymous_3)
FNDA:2,(anonymous_4)
FNDA:0,(anonymous_5)
FNDA:2,(anonymous_6)
DA:1,2
DA:2,2
DA:3,2
DA:6,2
DA:9,2
DA:11,2
DA:13,2
DA:16,2
DA:17,2
DA:18,2
DA:20,2
DA:21,2
DA:22,0
DA:24,2
DA:25,2
DA:26,2
DA:33,2
DA:35,0
DA:36,0
DA:41,2
DA:42,0
DA:45,2
LF:22
LH:18
BRDA:18,0,0,0
BRDA:21,1,0,0
BRDA:21,1,1,2
BRDA:25,2,0,0
BRDA:25,2,1,2
BRDA:41,3,0,0
BRF:6
BRH:2
end_of_record
TN:
SF:src/db/seeds/run.ts
FN:11,seedDatabase
FN:19,(anonymous_2)
FN:20,(anonymous_3)
FN:23,(anonymous_4)
FN:25,(anonymous_5)
FN:27,(anonymous_6)
FNF:6
FNH:0
FNDA:0,seedDatabase
FNDA:0,(anonymous_2)
FNDA:0,(anonymous_3)
FNDA:0,(anonymous_4)
FNDA:0,(anonymous_5)
FNDA:0,(anonymous_6)
DA:1,0
DA:2,0
DA:3,0
DA:6,0
DA:12,0
DA:14,0
DA:16,0
DA:19,0
DA:20,0
DA:21,0
DA:23,0
DA:24,0
DA:25,0
DA:27,0
DA:28,0
DA:29,0
DA:36,0
DA:38,0
DA:39,0
DA:44,0
DA:45,0
DA:48,0
LF:22
LH:0
BRDA:21,0,0,0
BRDA:24,1,0,0
BRDA:24,1,1,0
BRDA:28,2,0,0
BRDA:28,2,1,0
BRDA:44,3,0,0
BRF:6
BRH:0
end_of_record
TN:
SF:src/middleware/errorHandler.ts
FN:9,(anonymous_0)
FN:19,errorHandler
FN:54,notFoundHandler
FN:62,(anonymous_3)
FN:62,(anonymous_4)
FNF:5
FNH:1
FNDA:31,(anonymous_0)
FNDA:0,errorHandler
FNDA:0,notFoundHandler
FNDA:0,(anonymous_3)
FNDA:0,(anonymous_4)
DA:6,3
DA:10,31
DA:11,31
DA:12,31
DA:19,3
DA:25,0
DA:28,0
DA:29,0
DA:32,0
DA:33,0
DA:34,0
DA:35,0
DA:37,0
DA:38,0
DA:42,0
DA:54,3
DA:55,0
DA:56,0
DA:62,3
DA:67,0
LF:20
LH:7
BRDA:32,0,0,0
BRDA:32,0,1,0
BRDA:35,1,0,0
BRDA:46,2,0,0
BRDA:46,2,1,0
BRF:5
BRH:0
end_of_record
TN:
SF:src/models/AdsTxtRecord.ts
FN:32,(anonymous_1)
FN:33,(anonymous_2)
FN:67,(anonymous_3)
FN:83,(anonymous_4)
FN:84,(anonymous_5)
FN:88,(anonymous_6)
FN:99,(anonymous_7)
FN:133,(anonymous_8)
FN:154,(anonymous_9)
FN:155,(anonymous_10)
FN:159,(anonymous_11)
FN:176,(anonymous_12)
FN:177,(anonymous_13)
FN:183,(anonymous_14)
FN:197,(anonymous_15)
FN:221,(anonymous_16)
FN:222,(anonymous_17)
FN:226,(anonymous_18)
FN:241,(anonymous_19)
FN:242,(anonymous_20)
FN:246,(anonymous_21)
FNF:21
FNH:20
FNDA:1,(anonymous_1)
FNDA:1,(anonymous_2)
FNDA:1,(anonymous_3)
FNDA:1,(anonymous_4)
FNDA:1,(anonymous_5)
FNDA:1,(anonymous_6)
FNDA:2,(anonymous_7)
FNDA:1,(anonymous_8)
FNDA:1,(anonymous_9)
FNDA:1,(anonymous_10)
FNDA:1,(anonymous_11)
FNDA:1,(anonymous_12)
FNDA:1,(anonymous_13)
FNDA:1,(anonymous_14)
FNDA:0,(anonymous_15)
FNDA:2,(anonymous_16)
FNDA:2,(anonymous_17)
FNDA:2,(anonymous_18)
FNDA:1,(anonymous_19)
FNDA:1,(anonymous_20)
FNDA:1,(anonymous_21)
DA:1,3
DA:2,3
DA:33,1
DA:34,1
DA:35,1
DA:37,1
DA:50,1
DA:68,1
DA:69,0
DA:70,0
DA:72,1
DA:84,1
DA:85,1
DA:88,1
DA:89,1
DA:91,1
DA:98,1
DA:99,1
DA:100,2
DA:101,2
DA:103,2
DA:116,2
DA:129,2
DA:132,1
DA:133,1
DA:134,1
DA:135,0
DA:136,0
DA:138,1
DA:141,0
DA:142,0
DA:143,0
DA:155,1
DA:156,1
DA:160,1
DA:161,0
DA:162,0
DA:164,1
DA:177,1
DA:178,1
DA:180,1
DA:184,1
DA:185,0
DA:186,0
DA:189,1
DA:190,1
DA:191,1
DA:194,0
DA:198,0
DA:199,0
DA:200,0
DA:202,0
DA:203,0
DA:204,0
DA:206,0
DA:222,2
DA:223,2
DA:227,2
DA:228,0
DA:229,0
DA:231,2
DA:242,1
DA:243,1
DA:247,1
DA:248,0
DA:249,0
DA:251,1
DA:258,3
LF:68
LH:45
BRDA:44,0,0,1
BRDA:44,0,1,0
BRDA:61,1,0,1
BRDA:61,1,1,1
BRDA:68,2,0,0
BRDA:110,3,0,2
BRDA:110,3,1,0
BRDA:122,4,0,2
BRDA:122,4,1,1
BRDA:134,5,0,0
BRDA:160,6,0,0
BRDA:164,7,0,1
BRDA:164,7,1,0
BRDA:184,8,0,0
BRDA:189,9,0,1
BRDA:198,10,0,0
BRDA:202,11,0,0
BRDA:227,12,0,0
BRDA:247,13,0,0
BRDA:251,14,0,1
BRDA:251,14,1,1
BRF:21
BRH:10
end_of_record
TN:
SF:src/models/Message.ts
FN:24,(anonymous_1)
FN:25,(anonymous_2)
FN:40,(anonymous_3)
FN:56,(anonymous_4)
FN:57,(anonymous_5)
FN:61,(anonymous_6)
FN:77,(anonymous_7)
FN:78,(anonymous_8)
FN:82,(anonymous_9)
FNF:9
FNH:9
FNDA:3,(anonymous_1)
FNDA:3,(anonymous_2)
FNDA:3,(anonymous_3)
FNDA:3,(anonymous_4)
FNDA:3,(anonymous_5)
FNDA:3,(anonymous_6)
FNDA:3,(anonymous_7)
FNDA:3,(anonymous_8)
FNDA:3,(anonymous_9)
DA:1,3
DA:2,3
DA:25,3
DA:26,3
DA:27,3
DA:29,3
DA:37,3
DA:41,3
DA:42,1
DA:43,1
DA:45,2
DA:57,3
DA:58,3
DA:62,3
DA:63,1
DA:64,1
DA:66,2
DA:78,3
DA:79,3
DA:83,3
DA:84,1
DA:85,1
DA:87,2
DA:88,1
DA:89,1
DA:91,1
DA:98,3
LF:27
LH:27
BRDA:41,0,0,1
BRDA:62,1,0,1
BRDA:66,2,0,2
BRDA:66,2,1,0
BRDA:83,3,0,1
BRDA:87,4,0,1
BRF:6
BRH:5
end_of_record
TN:
SF:src/models/Request.ts
FN:32,(anonymous_1)
FN:33,(anonymous_2)
FN:72,(anonymous_3)
FN:89,(anonymous_4)
FN:90,(anonymous_5)
FN:94,(anonymous_6)
FN:121,(anonymous_7)
FN:122,(anonymous_8)
FN:126,(anonymous_9)
FN:149,(anonymous_10)
FN:150,(anonymous_11)
FN:156,(anonymous_12)
FN:171,(anonymous_13)
FN:191,(anonymous_14)
FN:192,(anonymous_15)
FN:198,(anonymous_16)
FN:213,(anonymous_17)
FN:231,(anonymous_18)
FN:232,(anonymous_19)
FN:236,(anonymous_20)
FN:252,(anonymous_21)
FN:253,(anonymous_22)
FN:257,(anonymous_23)
FNF:23
FNH:21
FNDA:1,(anonymous_1)
FNDA:1,(anonymous_2)
FNDA:1,(anonymous_3)
FNDA:2,(anonymous_4)
FNDA:2,(anonymous_5)
FNDA:2,(anonymous_6)
FNDA:1,(anonymous_7)
FNDA:1,(anonymous_8)
FNDA:1,(anonymous_9)
FNDA:1,(anonymous_10)
FNDA:1,(anonymous_11)
FNDA:1,(anonymous_12)
FNDA:0,(anonymous_13)
FNDA:1,(anonymous_14)
FNDA:1,(anonymous_15)
FNDA:1,(anonymous_16)
FNDA:0,(anonymous_17)
FNDA:1,(anonymous_18)
FNDA:1,(anonymous_19)
FNDA:1,(anonymous_20)
FNDA:1,(anonymous_21)
FNDA:1,(anonymous_22)
FNDA:1,(anonymous_23)
DA:1,4
DA:2,4
DA:3,4
DA:33,1
DA:34,1
DA:35,1
DA:36,1
DA:38,1
DA:51,1
DA:58,1
DA:73,1
DA:74,1
DA:75,1
DA:77,0
DA:90,2
DA:91,2
DA:95,2
DA:96,0
DA:97,0
DA:100,2
DA:101,2
DA:102,2
DA:105,0
DA:106,0
DA:107,0
DA:110,0
DA:122,1
DA:123,1
DA:127,1
DA:128,0
DA:129,0
DA:132,1
DA:133,1
DA:134,1
DA:137,0
DA:150,1
DA:151,1
DA:153,1
DA:157,1
DA:158,0
DA:159,0
DA:162,1
DA:163,1
DA:164,1
DA:168,0
DA:172,0
DA:173,0
DA:174,0
DA:176,0
DA:192,1
DA:193,1
DA:195,1
DA:199,1
DA:200,1
DA:201,1
DA:204,0
DA:205,0
DA:206,0
DA:210,0
DA:214,0
DA:215,0
DA:216,0
DA:218,0
DA:232,1
DA:233,1
DA:237,1
DA:238,0
DA:239,0
DA:241,1
DA:253,1
DA:254,1
DA:258,1
DA:259,0
DA:260,0
DA:262,1
DA:269,4
LF:76
LH:47
BRDA:65,0,0,1
BRDA:65,0,1,0
BRDA:66,1,0,1
BRDA:66,1,1,0
BRDA:73,2,0,1
BRDA:95,3,0,0
BRDA:100,4,0,2
BRDA:105,5,0,0
BRDA:127,6,0,0
BRDA:132,7,0,1
BRDA:157,8,0,0
BRDA:162,9,0,1
BRDA:172,10,0,0
BRDA:176,11,0,0
BRDA:176,11,1,0
BRDA:199,12,0,1
BRDA:204,13,0,0
BRDA:214,14,0,0
BRDA:218,15,0,0
BRDA:218,15,1,0
BRDA:237,16,0,0
BRDA:241,17,0,1
BRDA:241,17,1,0
BRDA:258,18,0,0
BRDA:262,19,0,1
BRDA:262,19,1,0
BRF:26
BRH:9
end_of_record
TN:
SF:src/routes/adsTxt.ts
FNF:0
FNH:0
DA:1,0
DA:2,0
DA:3,0
DA:10,0
DA:13,0
DA:21,0
DA:22,0
DA:23,0
DA:24,0
DA:26,0
LF:10
LH:0
BRF:0
BRH:0
end_of_record
TN:
SF:src/routes/index.ts
FN:9,(anonymous_1)
FNF:1
FNH:0
FNDA:0,(anonymous_1)
DA:1,0
DA:2,0
DA:3,0
DA:4,0
DA:6,0
DA:9,0
DA:10,0
DA:18,0
DA:19,0
DA:20,0
DA:22,0
LF:11
LH:0
BRF:0
BRH:0
end_of_record
TN:
SF:src/routes/messages.ts
FNF:0
FNH:0
DA:1,0
DA:2,0
DA:7,0
DA:10,0
DA:11,0
DA:13,0
LF:6
LH:0
BRF:0
BRH:0
end_of_record
TN:
SF:src/routes/requests.ts
FNF:0
FNH:0
DA:1,0
DA:2,0
DA:3,0
DA:11,0
DA:14,0
DA:22,0
DA:23,0
DA:24,0
DA:25,0
DA:26,0
DA:28,0
LF:11
LH:0
BRF:0
BRH:0
end_of_record
TN:
SF:src/services/emailService.ts
FN:17,(anonymous_1)
FN:53,(anonymous_2)
FN:88,(anonymous_3)
FN:121,(anonymous_4)
FNF:4
FNH:4
FNDA:1,(anonymous_1)
FNDA:1,(anonymous_2)
FNDA:2,(anonymous_3)
FNDA:2,(anonymous_4)
DA:1,3
DA:2,3
DA:24,1
DA:26,1
DA:41,1
DA:60,1
DA:62,1
DA:77,1
DA:94,2
DA:95,2
DA:97,2
DA:110,2
DA:127,2
DA:129,2
DA:142,2
DA:146,3
LF:16
LH:16
BRF:0
BRH:0
end_of_record
TN:
SF:src/services/tokenService.ts
FN:14,(anonymous_1)
FN:26,(anonymous_2)
FN:35,(anonymous_3)
FNF:3
FNH:3
FNDA:2,(anonymous_1)
FNDA:5,(anonymous_2)
FNDA:1,(anonymous_3)
DA:1,5
DA:2,5
DA:15,2
DA:16,2
DA:17,2
DA:28,5
DA:36,1
DA:40,5
LF:8
LH:8
BRF:0
BRH:0
end_of_record
TN:
SF:src/utils/validation.ts
FN:25,parseAdsTxtLine
FN:34,(anonymous_10)
FN:149,parseAdsTxtContent
FN:153,(anonymous_12)
FN:168,isValidEmail
FN:191,isValidDomain
FNF:6
FNH:6
FNDA:21,parseAdsTxtLine
FNDA:44,(anonymous_10)
FNDA:2,parseAdsTxtContent
FNDA:10,(anonymous_12)
FNDA:11,isValidEmail
FNDA:9,isValidDomain
DA:1,4
DA:25,4
DA:27,21
DA:28,21
DA:29,6
DA:34,44
DA:37,15
DA:38,3
DA:51,12
DA:52,0
DA:65,12
DA:66,12
DA:70,12
DA:71,12
DA:72,12
DA:73,0
DA:75,0
DA:88,12
DA:90,4
DA:91,4
DA:92,0
DA:93,0
DA:94,0
DA:97,4
DA:102,12
DA:103,1
DA:117,11
DA:118,0
DA:132,11
DA:149,4
DA:150,2
DA:151,2
DA:153,2
DA:154,10
DA:155,10
DA:156,7
DA:160,2
DA:168,4
DA:170,11
DA:173,11
DA:180,5
DA:183,6
DA:191,4
DA:192,9
LF:44
LH:37
BRDA:28,0,0,6
BRDA:28,1,0,21
BRDA:28,1,1,19
BRDA:37,2,0,3
BRDA:39,3,0,3
BRDA:39,3,1,0
BRDA:40,4,0,3
BRDA:40,4,1,2
BRDA:41,5,0,3
BRDA:41,5,1,3
BRDA:51,6,0,0
BRDA:51,7,0,12
BRDA:51,7,1,0
BRDA:71,8,0,12
BRDA:71,8,1,0
BRDA:71,9,0,12
BRDA:71,9,1,6
BRDA:73,10,0,0
BRDA:73,11,0,0
BRDA:73,11,1,0
BRDA:73,11,2,0
BRDA:88,12,0,4
BRDA:91,13,0,0
BRDA:91,13,1,4
BRDA:91,14,0,4
BRDA:91,14,1,4
BRDA:93,15,0,0
BRDA:102,16,0,1
BRDA:102,17,0,12
BRDA:102,17,1,12
BRDA:117,18,0,0
BRDA:155,19,0,7
BRDA:173,20,0,5
BRDA:173,21,0,11
BRDA:173,21,1,11
BRDA:173,21,2,10
BRDA:173,21,3,9
BRDA:173,21,4,9
BRDA:173,21,5,8
BRDA:173,21,6,7
BRF:40
BRH:29
end_of_record
