TN:
SF:src/app.ts
FN:23,(anonymous_1)
FN:33,(anonymous_2)
FN:36,(anonymous_3)
FNF:3
FNH:0
FNDA:0,(anonymous_1)
FNDA:0,(anonymous_2)
FNDA:0,(anonymous_3)
DA:1,0
DA:2,0
DA:3,0
DA:4,0
DA:5,0
DA:6,0
DA:9,0
DA:12,0
DA:15,0
DA:16,0
DA:17,0
DA:20,0
DA:23,0
DA:24,0
DA:28,0
DA:29,0
DA:32,0
DA:34,0
DA:37,0
DA:38,0
DA:41,0
LF:21
LH:0
BRF:0
BRH:0
end_of_record
TN:
SF:src/controllers/messageController.ts
FN:12,(anonymous_1)
FN:74,(anonymous_2)
FNF:2
FNH:0
FNDA:0,(anonymous_1)
FNDA:0,(anonymous_2)
DA:2,0
DA:3,0
DA:4,0
DA:5,0
DA:6,0
DA:12,0
DA:13,0
DA:16,0
DA:17,0
DA:21,0
DA:22,0
DA:26,0
DA:28,0
DA:29,0
DA:33,0
DA:39,0
DA:42,0
DA:44,0
DA:49,0
DA:53,0
DA:60,0
DA:64,0
DA:74,0
DA:75,0
DA:76,0
DA:78,0
DA:79,0
DA:83,0
DA:85,0
DA:86,0
DA:90,0
DA:92,0
LF:32
LH:0
BRDA:16,0,0,0
BRDA:16,1,0,0
BRDA:16,1,1,0
BRDA:16,1,2,0
BRDA:16,1,3,0
BRDA:21,2,0,0
BRDA:28,3,0,0
BRDA:44,4,0,0
BRDA:44,4,1,0
BRDA:49,5,0,0
BRDA:49,5,1,0
BRDA:50,6,0,0
BRDA:50,6,1,0
BRDA:78,7,0,0
BRDA:78,8,0,0
BRDA:78,8,1,0
BRDA:85,9,0,0
BRF:17
BRH:0
end_of_record
TN:
SF:src/db/migrations/run.ts
FN:8,runMigrations
FN:16,(anonymous_2)
FN:17,(anonymous_3)
FN:20,(anonymous_4)
FN:22,(anonymous_5)
FN:24,(anonymous_6)
FNF:6
FNH:5
FNDA:1,runMigrations
FNDA:1,(anonymous_2)
FNDA:1,(anonymous_3)
FNDA:1,(anonymous_4)
FNDA:0,(anonymous_5)
FNDA:1,(anonymous_6)
DA:1,1
DA:2,1
DA:3,1
DA:6,1
DA:9,1
DA:11,1
DA:13,1
DA:16,1
DA:17,1
DA:18,1
DA:20,1
DA:21,1
DA:22,0
DA:24,1
DA:25,1
DA:26,1
DA:33,1
DA:35,0
DA:36,0
DA:41,1
DA:42,0
DA:45,1
LF:22
LH:18
BRDA:18,0,0,0
BRDA:21,1,0,0
BRDA:21,1,1,1
BRDA:25,2,0,0
BRDA:25,2,1,1
BRDA:41,3,0,0
BRF:6
BRH:2
end_of_record
TN:
SF:src/db/seeds/run.ts
FN:11,seedDatabase
FN:19,(anonymous_2)
FN:20,(anonymous_3)
FN:23,(anonymous_4)
FN:25,(anonymous_5)
FN:27,(anonymous_6)
FNF:6
FNH:0
FNDA:0,seedDatabase
FNDA:0,(anonymous_2)
FNDA:0,(anonymous_3)
FNDA:0,(anonymous_4)
FNDA:0,(anonymous_5)
FNDA:0,(anonymous_6)
DA:1,0
DA:2,0
DA:3,0
DA:6,0
DA:12,0
DA:14,0
DA:16,0
DA:19,0
DA:20,0
DA:21,0
DA:23,0
DA:24,0
DA:25,0
DA:27,0
DA:28,0
DA:29,0
DA:36,0
DA:38,0
DA:39,0
DA:44,0
DA:45,0
DA:48,0
LF:22
LH:0
BRDA:21,0,0,0
BRDA:24,1,0,0
BRDA:24,1,1,0
BRDA:28,2,0,0
BRDA:28,2,1,0
BRDA:44,3,0,0
BRF:6
BRH:0
end_of_record
TN:
SF:src/middleware/errorHandler.ts
FN:9,(anonymous_0)
FN:19,errorHandler
FN:54,notFoundHandler
FN:62,(anonymous_3)
FN:62,(anonymous_4)
FNF:5
FNH:0
FNDA:0,(anonymous_0)
FNDA:0,errorHandler
FNDA:0,notFoundHandler
FNDA:0,(anonymous_3)
FNDA:0,(anonymous_4)
DA:6,0
DA:10,0
DA:11,0
DA:12,0
DA:19,0
DA:25,0
DA:28,0
DA:29,0
DA:32,0
DA:33,0
DA:34,0
DA:35,0
DA:37,0
DA:38,0
DA:42,0
DA:54,0
DA:55,0
DA:56,0
DA:62,0
DA:67,0
LF:20
LH:0
BRDA:32,0,0,0
BRDA:32,0,1,0
BRDA:35,1,0,0
BRDA:46,2,0,0
BRDA:46,2,1,0
BRF:5
BRH:0
end_of_record
TN:
SF:src/models/AdsTxtRecord.ts
FN:32,(anonymous_1)
FN:33,(anonymous_2)
FN:67,(anonymous_3)
FN:83,(anonymous_4)
FN:84,(anonymous_5)
FN:88,(anonymous_6)
FN:99,(anonymous_7)
FN:133,(anonymous_8)
FN:154,(anonymous_9)
FN:155,(anonymous_10)
FN:159,(anonymous_11)
FN:176,(anonymous_12)
FN:177,(anonymous_13)
FN:183,(anonymous_14)
FN:197,(anonymous_15)
FN:221,(anonymous_16)
FN:222,(anonymous_17)
FN:226,(anonymous_18)
FNF:18
FNH:0
FNDA:0,(anonymous_1)
FNDA:0,(anonymous_2)
FNDA:0,(anonymous_3)
FNDA:0,(anonymous_4)
FNDA:0,(anonymous_5)
FNDA:0,(anonymous_6)
FNDA:0,(anonymous_7)
FNDA:0,(anonymous_8)
FNDA:0,(anonymous_9)
FNDA:0,(anonymous_10)
FNDA:0,(anonymous_11)
FNDA:0,(anonymous_12)
FNDA:0,(anonymous_13)
FNDA:0,(anonymous_14)
FNDA:0,(anonymous_15)
FNDA:0,(anonymous_16)
FNDA:0,(anonymous_17)
FNDA:0,(anonymous_18)
DA:1,0
DA:2,0
DA:33,0
DA:34,0
DA:35,0
DA:37,0
DA:50,0
DA:68,0
DA:69,0
DA:70,0
DA:72,0
DA:84,0
DA:85,0
DA:88,0
DA:89,0
DA:91,0
DA:98,0
DA:99,0
DA:100,0
DA:101,0
DA:103,0
DA:116,0
DA:129,0
DA:132,0
DA:133,0
DA:134,0
DA:135,0
DA:136,0
DA:138,0
DA:141,0
DA:142,0
DA:143,0
DA:155,0
DA:156,0
DA:160,0
DA:161,0
DA:162,0
DA:164,0
DA:177,0
DA:178,0
DA:180,0
DA:184,0
DA:185,0
DA:186,0
DA:189,0
DA:190,0
DA:191,0
DA:194,0
DA:198,0
DA:199,0
DA:200,0
DA:202,0
DA:203,0
DA:204,0
DA:206,0
DA:222,0
DA:223,0
DA:227,0
DA:228,0
DA:229,0
DA:231,0
DA:238,0
LF:62
LH:0
BRDA:44,0,0,0
BRDA:44,0,1,0
BRDA:61,1,0,0
BRDA:61,1,1,0
BRDA:68,2,0,0
BRDA:110,3,0,0
BRDA:110,3,1,0
BRDA:122,4,0,0
BRDA:122,4,1,0
BRDA:134,5,0,0
BRDA:160,6,0,0
BRDA:164,7,0,0
BRDA:164,7,1,0
BRDA:184,8,0,0
BRDA:189,9,0,0
BRDA:198,10,0,0
BRDA:202,11,0,0
BRDA:227,12,0,0
BRF:18
BRH:0
end_of_record
TN:
SF:src/models/Message.ts
FN:24,(anonymous_1)
FN:25,(anonymous_2)
FN:40,(anonymous_3)
FN:56,(anonymous_4)
FN:57,(anonymous_5)
FN:61,(anonymous_6)
FN:77,(anonymous_7)
FN:78,(anonymous_8)
FN:82,(anonymous_9)
FNF:9
FNH:6
FNDA:1,(anonymous_1)
FNDA:1,(anonymous_2)
FNDA:1,(anonymous_3)
FNDA:1,(anonymous_4)
FNDA:1,(anonymous_5)
FNDA:1,(anonymous_6)
FNDA:0,(anonymous_7)
FNDA:0,(anonymous_8)
FNDA:0,(anonymous_9)
DA:1,2
DA:2,2
DA:25,1
DA:26,1
DA:27,1
DA:29,1
DA:37,1
DA:41,1
DA:42,0
DA:43,0
DA:45,1
DA:57,1
DA:58,1
DA:62,1
DA:63,0
DA:64,0
DA:66,1
DA:78,0
DA:79,0
DA:83,0
DA:84,0
DA:85,0
DA:87,0
DA:88,0
DA:89,0
DA:91,0
DA:98,2
LF:27
LH:14
BRDA:41,0,0,0
BRDA:62,1,0,0
BRDA:66,2,0,1
BRDA:66,2,1,0
BRDA:83,3,0,0
BRDA:87,4,0,0
BRF:6
BRH:1
end_of_record
TN:
SF:src/routes/adsTxt.ts
FNF:0
FNH:0
DA:1,0
DA:2,0
DA:3,0
DA:10,0
DA:13,0
DA:21,0
DA:22,0
DA:23,0
DA:24,0
DA:26,0
LF:10
LH:0
BRF:0
BRH:0
end_of_record
TN:
SF:src/routes/index.ts
FN:9,(anonymous_1)
FNF:1
FNH:0
FNDA:0,(anonymous_1)
DA:1,0
DA:2,0
DA:3,0
DA:4,0
DA:6,0
DA:9,0
DA:10,0
DA:18,0
DA:19,0
DA:20,0
DA:22,0
LF:11
LH:0
BRF:0
BRH:0
end_of_record
TN:
SF:src/routes/messages.ts
FNF:0
FNH:0
DA:1,0
DA:2,0
DA:7,0
DA:10,0
DA:11,0
DA:13,0
LF:6
LH:0
BRF:0
BRH:0
end_of_record
TN:
SF:src/routes/requests.ts
FNF:0
FNH:0
DA:1,0
DA:2,0
DA:3,0
DA:11,0
DA:14,0
DA:22,0
DA:23,0
DA:24,0
DA:25,0
DA:26,0
DA:28,0
LF:11
LH:0
BRF:0
BRH:0
end_of_record
TN:
SF:src/services/emailService.ts
FN:17,(anonymous_1)
FN:53,(anonymous_2)
FN:88,(anonymous_3)
FN:121,(anonymous_4)
FNF:4
FNH:0
FNDA:0,(anonymous_1)
FNDA:0,(anonymous_2)
FNDA:0,(anonymous_3)
FNDA:0,(anonymous_4)
DA:1,0
DA:2,0
DA:24,0
DA:26,0
DA:41,0
DA:60,0
DA:62,0
DA:77,0
DA:94,0
DA:95,0
DA:97,0
DA:110,0
DA:127,0
DA:129,0
DA:142,0
DA:146,0
LF:16
LH:0
BRF:0
BRH:0
end_of_record
TN:
SF:src/services/tokenService.ts
FN:14,(anonymous_1)
FN:26,(anonymous_2)
FN:35,(anonymous_3)
FNF:3
FNH:0
FNDA:0,(anonymous_1)
FNDA:0,(anonymous_2)
FNDA:0,(anonymous_3)
DA:1,0
DA:2,0
DA:15,0
DA:16,0
DA:17,0
DA:28,0
DA:36,0
DA:40,0
LF:8
LH:0
BRF:0
BRH:0
end_of_record
TN:
SF:src/utils/validation.ts
FN:23,parseAdsTxtLine
FN:32,(anonymous_1)
FN:147,parseAdsTxtContent
FN:151,(anonymous_3)
FN:166,isValidEmail
FN:180,isValidDomain
FNF:6
FNH:6
FNDA:29,parseAdsTxtLine
FNDA:67,(anonymous_1)
FNDA:2,parseAdsTxtContent
FNDA:10,(anonymous_3)
FNDA:16,isValidEmail
FNDA:9,isValidDomain
DA:23,2
DA:25,29
DA:26,29
DA:27,6
DA:32,67
DA:35,23
DA:36,5
DA:49,18
DA:50,0
DA:63,18
DA:64,18
DA:68,18
DA:69,18
DA:70,18
DA:71,0
DA:73,0
DA:86,18
DA:88,6
DA:89,6
DA:90,0
DA:91,0
DA:92,0
DA:95,6
DA:100,18
DA:101,3
DA:115,15
DA:116,0
DA:130,15
DA:147,2
DA:148,2
DA:149,2
DA:151,2
DA:152,10
DA:153,10
DA:154,7
DA:158,2
DA:166,2
DA:168,16
DA:169,16
DA:170,0
DA:172,16
DA:180,2
DA:182,9
DA:183,9
LF:44
LH:36
BRDA:26,0,0,6
BRDA:26,1,0,29
BRDA:26,1,1,27
BRDA:35,2,0,5
BRDA:37,3,0,5
BRDA:37,3,1,0
BRDA:38,4,0,5
BRDA:38,4,1,3
BRDA:39,5,0,5
BRDA:39,5,1,5
BRDA:49,6,0,0
BRDA:49,7,0,18
BRDA:49,7,1,0
BRDA:69,8,0,18
BRDA:69,8,1,0
BRDA:69,9,0,18
BRDA:69,9,1,8
BRDA:71,10,0,0
BRDA:71,11,0,0
BRDA:71,11,1,0
BRDA:71,11,2,0
BRDA:86,12,0,6
BRDA:89,13,0,0
BRDA:89,13,1,6
BRDA:89,14,0,6
BRDA:89,14,1,6
BRDA:91,15,0,0
BRDA:100,16,0,3
BRDA:100,17,0,18
BRDA:100,17,1,18
BRDA:115,18,0,0
BRDA:153,19,0,7
BRDA:169,20,0,0
BRDA:169,21,0,16
BRDA:169,21,1,16
BRDA:169,21,2,16
BRF:36
BRH:24
end_of_record
